16:07:52.218 [main                     ] DEBUG Logger               - Configured Logger
16:07:52.231 [main                     ] DEBUG GameApplication      - Logging settings
Title: GameByte Compression Solution!
Version: 0.0
Width: 800
Height: 600
Fullscreen: false
Intro: false
Profiling: false
Single step:false
App Mode: DEVELOPER
Menu Key: ESCAPE
Stage Style: DECORATED
Scene Factory: class com.almasb.fxgl.app.scene.SceneFactory

16:07:52.659 [JavaFX Application Thread] DEBUG FXGLApplication      - Initializing FXGL
16:07:52.662 [JavaFX Application Thread] INFO  Engine               - FXGL-21.1 (27.03.2024 07.52) on WINDOWS (J:22.0.1 FX:21.0.1)
16:07:52.662 [JavaFX Application Thread] DEBUG Engine               - JRE Vendor Name: Oracle Corporation
16:07:52.662 [JavaFX Application Thread] DEBUG Engine               - Running on OS: Windows 10 version 10.0
16:07:52.663 [JavaFX Application Thread] DEBUG Engine               - Architecture: amd64
16:07:52.663 [JavaFX Application Thread] INFO  Engine               - Source code and latest versions at: https://github.com/AlmasB/FXGL
16:07:52.663 [JavaFX Application Thread] INFO  Engine               -       Ask questions and discuss at: https://github.com/AlmasB/FXGL/discussions
16:07:52.663 [JavaFX Application Thread] INFO  Engine               -              Join the FXGL chat at: https://gitter.im/AlmasB/FXGL
16:07:52.921 [JavaFX Application Thread] DEBUG PrimaryStageWindow   - Creating a JavaFX scene
16:07:53.015 [JavaFX Application Thread] DEBUG PrimaryStageWindow   - Target settings size: 800.0 x 600.0
16:07:53.016 [JavaFX Application Thread] DEBUG PrimaryStageWindow   - Scaled scene size:    800.0 x 600.0
16:07:53.016 [JavaFX Application Thread] DEBUG PrimaryStageWindow   - Scaled ratio: (1.0, 1.0)
16:07:53.018 [JavaFX Application Thread] DEBUG PrimaryStageWindow   - Set initial scene to FXGLStartupScene
16:07:53.021 [JavaFX Application Thread] DEBUG PrimaryStageWindow   - Opening main window
16:07:53.112 [JavaFX Application Thread] DEBUG PrimaryStageWindow   - Window border size: (14.4000244140625, 37.5999755859375)
16:07:53.112 [JavaFX Application Thread] DEBUG PrimaryStageWindow   - Scaled size: 800.0 x 600.0
16:07:53.112 [JavaFX Application Thread] DEBUG PrimaryStageWindow   - Scaled ratio: (1.0, 1.0)
16:07:53.112 [JavaFX Application Thread] DEBUG PrimaryStageWindow   - Scene size: 800.0 x 600.0
16:07:53.112 [JavaFX Application Thread] DEBUG PrimaryStageWindow   - Stage size: 814.4000244140625 x 637.5999755859375
16:07:53.121 [FXGL Background Thread 1 ] DEBUG Engine               - Initializing environment variables
16:07:53.174 [FXGL Background Thread 1 ] DEBUG FXGLAssetLoaderServi - User app class for loading assets: class GameByte
16:07:53.174 [FXGL Background Thread 1 ] DEBUG GameApplicationServi - Applying CSS: fxgl_dark.css
16:07:53.175 [FXGL Background Thread 1 ] DEBUG FXGLAssetLoaderServi - Loading from file system: jar:file:/C:/Users/cc1501/.m2/repository/com/github/almasb/FXGL/21.1/fxgl-21.1.jar!/fxglassets/ui/css/fxgl_dark.css
16:07:53.221 [FXGL Background Thread 1 ] DEBUG GameApplicationServi - Initializing application scenes
16:07:53.275 [FXGL Background Thread 1 ] DEBUG GameWorld            - Game world initialized
16:07:53.366 [FXGL Background Thread 1 ] DEBUG PhysicsWorld         - Physics world initialized: appHeight=600, physics.ppm=50.0
16:07:53.366 [FXGL Background Thread 1 ] DEBUG PhysicsWorld         - Using strategy: BRUTE_FORCE
16:07:53.369 [FXGL Background Thread 1 ] DEBUG GameScene            - Game scene initialized: 800x600
16:07:53.384 [FXGL Background Thread 1 ] DEBUG FXGL.DefaultMenu     - createMenuBodyGameMenu()
16:07:53.419 [FXGL Background Thread 1 ] DEBUG FXGL.DefaultMenu     - createOptionsMenu()
16:07:53.432 [FXGL Background Thread 1 ] DEBUG FXGLAssetLoaderServi - Loading from file system: jar:file:/C:/Users/cc1501/.m2/repository/com/github/almasb/FXGL/21.1/fxgl-21.1.jar!/fxglassets/textures/particles/smoke.png
16:07:53.534 [FXGL Background Thread 1 ] DEBUG FXGLAssetLoaderServi - Loading from file system: jar:file:/C:/Users/cc1501/.m2/repository/com/github/almasb/FXGL/21.1/fxgl-21.1.jar!/fxglassets/textures/particles/trace_horizontal.png
16:07:53.549 [FXGL Background Thread 1 ] DEBUG GameApplicationServi - Application scenes initialized
16:07:53.568 [FXGL Background Thread 1 ] DEBUG SystemBundleService  - Loading FXGL system data
16:07:53.578 [FXGL Background Thread 1 ] DEBUG FileSystemAccess     - Reading from: M:\GameByte Novel Compression Solution\GameByte\system\fxgl.bundle
16:07:53.583 [FXGL Background Thread 1 ] DEBUG SystemBundleService  - Bundle FXGL: {}
16:07:53.583 [FXGL Background Thread 1 ] DEBUG UpdaterService       - Checking for updates
16:07:53.586 [FXGL Background Thread 4 ] DEBUG FXGLApplication      - Loading fonts
16:07:53.590 [FXGL Background Thread 4 ] DEBUG FXGLAssetLoaderServi - Loading from file system: jar:file:/C:/Users/cc1501/.m2/repository/com/github/almasb/FXGL/21.1/fxgl-21.1.jar!/fxglassets/ui/fonts/VarelaRound-Regular.ttf
16:07:53.591 [FXGL Background Thread 1 ] DEBUG FXGLApplication      - Loading default localization
16:07:53.594 [FXGL Background Thread 1 ] DEBUG FXGLAssetLoaderServi - Loading from file system: jar:file:/C:/Users/cc1501/.m2/repository/com/github/almasb/FXGL/21.1/fxgl-21.1.jar!/fxglassets/languages/english.lang
16:07:53.611 [FXGL Background Thread 4 ] DEBUG FXGLAssetLoaderServi - Loading from file system: jar:file:/C:/Users/cc1501/.m2/repository/com/github/almasb/FXGL/21.1/fxgl-21.1.jar!/fxglassets/ui/fonts/Abel-Regular.ttf
16:07:53.618 [FXGL Background Thread 4 ] DEBUG FXGLAssetLoaderServi - Loading from file system: jar:file:/C:/Users/cc1501/.m2/repository/com/github/almasb/FXGL/21.1/fxgl-21.1.jar!/fxglassets/ui/fonts/TerminalLandMono-Regular.otf
16:07:53.624 [FXGL Background Thread 4 ] DEBUG FXGLAssetLoaderServi - Loading from file system: jar:file:/C:/Users/cc1501/.m2/repository/com/github/almasb/FXGL/21.1/fxgl-21.1.jar!/fxglassets/ui/fonts/Courier-Prime.ttf
16:07:53.626 [FXGL Background Thread 1 ] INFO  FXGLApplication      - FXGL initialization took: 0.504 sec
16:07:53.628 [JavaFX Application Thread] DEBUG FXGLAssetLoaderServi - Loading from file system: jar:file:/C:/Users/cc1501/.m2/repository/com/github/almasb/FXGL/21.1/fxgl-21.1.jar!/fxglassets/textures/fxgl_icon.png
16:07:53.651 [JavaFX Application Thread] DEBUG FXGLAssetLoaderServi - Loading from file system: jar:file:/C:/Users/cc1501/.m2/repository/com/github/almasb/FXGL/21.1/fxgl-21.1.jar!/fxglassets/textures/fxgl_default_cursor.png
16:07:53.667 [JavaFX Application Thread] DEBUG Input                - Registered new binding: Screenshot - CTRL+8
16:07:53.669 [JavaFX Application Thread] DEBUG Input                - Registered new binding: System info dump - CTRL+9
16:07:53.670 [JavaFX Application Thread] DEBUG Input                - Registered new binding: Restart - CTRL+R
16:07:53.671 [JavaFX Application Thread] DEBUG Input                - Registered new binding: Toggle Debug Camera - CTRL+7
16:07:53.676 [JavaFX Application Thread] DEBUG LoopRunner           - Starting loop
16:07:53.676 [JavaFX Application Thread] DEBUG LoopRunner           - Initializing JavaFX AnimationTimerLoop
16:07:53.680 [JavaFX Application Thread] DEBUG GameApplicationServi - Starting new game
16:07:53.681 [JavaFX Application Thread] DEBUG Input                - Clearing active input actions
16:07:53.697 [JavaFX Application Thread] DEBUG GameApplicationServi - Removing overlay from FXGLStartupScene and adding to FXGLLoadingScene
16:07:53.697 [JavaFX Application Thread] DEBUG PrimaryStageWindow   - FXGLStartupScene -> FXGLLoadingScene
16:07:53.697 [JavaFX Application Thread] DEBUG GameApplicationServi - Clearing previous game
16:07:53.697 [JavaFX Application Thread] DEBUG GameScene            - Clearing game scene
16:07:53.697 [JavaFX Application Thread] DEBUG GameWorld            - Clearing game world
16:07:53.697 [JavaFX Application Thread] DEBUG PhysicsWorld         - Clearing physics world
16:07:53.699 [JavaFX Application Thread] DEBUG FXGLApplication      - Registering font factories with UI factory
16:07:53.699 [FXGL Background Thread 4 ] DEBUG FXGLApplication      - Initializing game
16:07:53.702 [FXGL Background Thread 4 ] DEBUG FXGLAssetLoaderServi - Loading from file system: file:/M:/GameByte%20Novel%20Compression%20Solution/GameByte/target/classes/assets/textures/Pickaxe.jpg
16:07:53.890 [FXGL Background Thread 4 ] INFO  FXGLApplication      - Game initialization took: 0.192 sec
16:07:53.980 [JavaFX Application Thread] DEBUG Input                - Clearing active input actions
16:07:53.984 [JavaFX Application Thread] DEBUG GameApplicationServi - Removing overlay from FXGLLoadingScene and adding to GameScene
16:07:53.984 [JavaFX Application Thread] DEBUG PrimaryStageWindow   - FXGLLoadingScene -> GameScene
16:07:56.417 [JavaFX Application Thread] DEBUG FXGLApplication      - Exiting FXGL
16:07:56.417 [JavaFX Application Thread] DEBUG LoopRunner           - Stopping loop
16:07:56.418 [JavaFX Application Thread] DEBUG SystemBundleService  - Saving FXGL system data
16:07:56.431 [JavaFX Application Thread] DEBUG FileSystemAccess     - Writing to: M:\GameByte Novel Compression Solution\GameByte\system\fxgl.bundle
16:07:56.439 [JavaFX Application Thread] DEBUG Async                - Shutting down background threads
16:07:56.439 [JavaFX Application Thread] DEBUG PrimaryStageWindow   - Closing main window
16:07:56.448 [JavaFX Application Thread] DEBUG Logger               - Closing Logger
