15:12:19.191 [main                     ] DEBUG Logger               - Configured Logger
15:12:19.206 [main                     ] DEBUG GameApplication      - Logging settings
Title: GameByte Compression Solution!
Version: 0.0
Width: 800
Height: 600
Fullscreen: false
Intro: false
Profiling: false
Single step:false
App Mode: DEVELOPER
Menu Key: ESCAPE
Stage Style: DECORATED
Scene Factory: class com.almasb.fxgl.app.scene.SceneFactory

15:12:19.688 [JavaFX Application Thread] DEBUG FXGLApplication      - Initializing FXGL
15:12:19.692 [JavaFX Application Thread] INFO  Engine               - FXGL-21.1 (27.03.2024 07.52) on WINDOWS (J:22.0.1 FX:21.0.1)
15:12:19.692 [JavaFX Application Thread] DEBUG Engine               - JRE Vendor Name: Oracle Corporation
15:12:19.692 [JavaFX Application Thread] DEBUG Engine               - Running on OS: Windows 10 version 10.0
15:12:19.692 [JavaFX Application Thread] DEBUG Engine               - Architecture: amd64
15:12:19.692 [JavaFX Application Thread] INFO  Engine               - Source code and latest versions at: https://github.com/AlmasB/FXGL
15:12:19.692 [JavaFX Application Thread] INFO  Engine               -       Ask questions and discuss at: https://github.com/AlmasB/FXGL/discussions
15:12:19.693 [JavaFX Application Thread] INFO  Engine               -              Join the FXGL chat at: https://gitter.im/AlmasB/FXGL
15:12:19.959 [JavaFX Application Thread] DEBUG PrimaryStageWindow   - Creating a JavaFX scene
15:12:20.064 [JavaFX Application Thread] DEBUG PrimaryStageWindow   - Target settings size: 800.0 x 600.0
15:12:20.064 [JavaFX Application Thread] DEBUG PrimaryStageWindow   - Scaled scene size:    800.0 x 600.0
15:12:20.064 [JavaFX Application Thread] DEBUG PrimaryStageWindow   - Scaled ratio: (1.0, 1.0)
15:12:20.066 [JavaFX Application Thread] DEBUG PrimaryStageWindow   - Set initial scene to FXGLStartupScene
15:12:20.070 [JavaFX Application Thread] DEBUG PrimaryStageWindow   - Opening main window
15:12:20.181 [JavaFX Application Thread] DEBUG PrimaryStageWindow   - Window border size: (14.4000244140625, 37.5999755859375)
15:12:20.181 [JavaFX Application Thread] DEBUG PrimaryStageWindow   - Scaled size: 800.0 x 600.0
15:12:20.181 [JavaFX Application Thread] DEBUG PrimaryStageWindow   - Scaled ratio: (1.0, 1.0)
15:12:20.181 [JavaFX Application Thread] DEBUG PrimaryStageWindow   - Scene size: 800.0 x 600.0
15:12:20.181 [JavaFX Application Thread] DEBUG PrimaryStageWindow   - Stage size: 814.4000244140625 x 637.5999755859375
15:12:20.192 [FXGL Background Thread 1 ] DEBUG Engine               - Initializing environment variables
15:12:20.258 [FXGL Background Thread 1 ] DEBUG FXGLAssetLoaderServi - User app class for loading assets: class GameByte
15:12:20.258 [FXGL Background Thread 1 ] DEBUG GameApplicationServi - Applying CSS: fxgl_dark.css
15:12:20.260 [FXGL Background Thread 1 ] DEBUG FXGLAssetLoaderServi - Loading from file system: jar:file:/C:/Users/cc1501/.m2/repository/com/github/almasb/FXGL/21.1/fxgl-21.1.jar!/fxglassets/ui/css/fxgl_dark.css
15:12:20.317 [FXGL Background Thread 1 ] DEBUG GameApplicationServi - Initializing application scenes
15:12:20.382 [FXGL Background Thread 1 ] DEBUG GameWorld            - Game world initialized
15:12:20.493 [FXGL Background Thread 1 ] DEBUG PhysicsWorld         - Physics world initialized: appHeight=600, physics.ppm=50.0
15:12:20.494 [FXGL Background Thread 1 ] DEBUG PhysicsWorld         - Using strategy: BRUTE_FORCE
15:12:20.497 [FXGL Background Thread 1 ] DEBUG GameScene            - Game scene initialized: 800x600
15:12:20.515 [FXGL Background Thread 1 ] DEBUG FXGL.DefaultMenu     - createMenuBodyGameMenu()
15:12:20.557 [FXGL Background Thread 1 ] DEBUG FXGL.DefaultMenu     - createOptionsMenu()
15:12:20.576 [FXGL Background Thread 1 ] DEBUG FXGLAssetLoaderServi - Loading from file system: jar:file:/C:/Users/cc1501/.m2/repository/com/github/almasb/FXGL/21.1/fxgl-21.1.jar!/fxglassets/textures/particles/smoke.png
15:12:20.692 [FXGL Background Thread 1 ] DEBUG FXGLAssetLoaderServi - Loading from file system: jar:file:/C:/Users/cc1501/.m2/repository/com/github/almasb/FXGL/21.1/fxgl-21.1.jar!/fxglassets/textures/particles/trace_horizontal.png
15:12:20.708 [FXGL Background Thread 1 ] DEBUG GameApplicationServi - Application scenes initialized
15:12:20.729 [FXGL Background Thread 1 ] DEBUG SystemBundleService  - Loading FXGL system data
15:12:20.745 [FXGL Background Thread 1 ] DEBUG FileSystemAccess     - Reading from: M:\GameByte Novel Compression Solution\GameByte\system\fxgl.bundle
15:12:20.750 [FXGL Background Thread 1 ] DEBUG SystemBundleService  - Bundle FXGL: {}
15:12:20.750 [FXGL Background Thread 1 ] DEBUG UpdaterService       - Checking for updates
15:12:20.753 [FXGL Background Thread 4 ] DEBUG FXGLApplication      - Loading fonts
15:12:20.755 [FXGL Background Thread 4 ] DEBUG FXGLAssetLoaderServi - Loading from file system: jar:file:/C:/Users/cc1501/.m2/repository/com/github/almasb/FXGL/21.1/fxgl-21.1.jar!/fxglassets/ui/fonts/VarelaRound-Regular.ttf
15:12:20.755 [FXGL Background Thread 1 ] DEBUG FXGLApplication      - Loading default localization
15:12:20.756 [FXGL Background Thread 1 ] DEBUG FXGLAssetLoaderServi - Loading from file system: jar:file:/C:/Users/cc1501/.m2/repository/com/github/almasb/FXGL/21.1/fxgl-21.1.jar!/fxglassets/languages/english.lang
15:12:20.777 [FXGL Background Thread 4 ] DEBUG FXGLAssetLoaderServi - Loading from file system: jar:file:/C:/Users/cc1501/.m2/repository/com/github/almasb/FXGL/21.1/fxgl-21.1.jar!/fxglassets/ui/fonts/Abel-Regular.ttf
15:12:20.783 [FXGL Background Thread 4 ] DEBUG FXGLAssetLoaderServi - Loading from file system: jar:file:/C:/Users/cc1501/.m2/repository/com/github/almasb/FXGL/21.1/fxgl-21.1.jar!/fxglassets/ui/fonts/TerminalLandMono-Regular.otf
15:12:20.791 [FXGL Background Thread 4 ] DEBUG FXGLAssetLoaderServi - Loading from file system: jar:file:/C:/Users/cc1501/.m2/repository/com/github/almasb/FXGL/21.1/fxgl-21.1.jar!/fxglassets/ui/fonts/Courier-Prime.ttf
15:12:20.798 [JavaFX Application Thread] DEBUG FXGLApplication      - Registering font factories with UI factory
15:12:20.803 [FXGL Background Thread 1 ] INFO  FXGLApplication      - FXGL initialization took: 0.611 sec
15:12:20.804 [JavaFX Application Thread] DEBUG FXGLAssetLoaderServi - Loading from file system: jar:file:/C:/Users/cc1501/.m2/repository/com/github/almasb/FXGL/21.1/fxgl-21.1.jar!/fxglassets/textures/fxgl_icon.png
15:12:20.823 [JavaFX Application Thread] DEBUG FXGLAssetLoaderServi - Loading from file system: jar:file:/C:/Users/cc1501/.m2/repository/com/github/almasb/FXGL/21.1/fxgl-21.1.jar!/fxglassets/textures/fxgl_default_cursor.png
15:12:20.840 [JavaFX Application Thread] DEBUG Input                - Registered new binding: Screenshot - CTRL+8
15:12:20.841 [JavaFX Application Thread] DEBUG Input                - Registered new binding: System info dump - CTRL+9
15:12:20.842 [JavaFX Application Thread] DEBUG Input                - Registered new binding: Restart - CTRL+R
15:12:20.844 [JavaFX Application Thread] DEBUG Input                - Registered new binding: Toggle Debug Camera - CTRL+7
15:12:20.856 [JavaFX Application Thread] DEBUG LoopRunner           - Starting loop
15:12:20.857 [JavaFX Application Thread] DEBUG LoopRunner           - Initializing JavaFX AnimationTimerLoop
15:12:20.864 [JavaFX Application Thread] DEBUG GameApplicationServi - Starting new game
15:12:20.864 [JavaFX Application Thread] DEBUG Input                - Clearing active input actions
15:12:20.895 [JavaFX Application Thread] DEBUG GameApplicationServi - Removing overlay from FXGLStartupScene and adding to FXGLLoadingScene
15:12:20.895 [JavaFX Application Thread] DEBUG PrimaryStageWindow   - FXGLStartupScene -> FXGLLoadingScene
15:12:20.895 [JavaFX Application Thread] DEBUG GameApplicationServi - Clearing previous game
15:12:20.895 [JavaFX Application Thread] DEBUG GameScene            - Clearing game scene
15:12:20.895 [JavaFX Application Thread] DEBUG GameWorld            - Clearing game world
15:12:20.895 [JavaFX Application Thread] DEBUG PhysicsWorld         - Clearing physics world
15:12:20.897 [FXGL Background Thread 1 ] DEBUG FXGLApplication      - Initializing game
15:12:20.899 [FXGL Background Thread 1 ] DEBUG FXGLAssetLoaderServi - Loading from file system: file:/M:/GameByte%20Novel%20Compression%20Solution/GameByte/target/classes/assets/textures/Pickaxe200.jpg
15:12:21.011 [FXGL Background Thread 1 ] INFO  FXGLApplication      - Game initialization took: 0.113 sec
15:12:21.073 [JavaFX Application Thread] DEBUG Input                - Clearing active input actions
15:12:21.076 [JavaFX Application Thread] DEBUG GameApplicationServi - Removing overlay from FXGLLoadingScene and adding to GameScene
15:12:21.076 [JavaFX Application Thread] DEBUG PrimaryStageWindow   - FXGLLoadingScene -> GameScene
15:12:22.727 [JavaFX Application Thread] DEBUG FXGLApplication      - Exiting FXGL
15:12:22.727 [JavaFX Application Thread] DEBUG LoopRunner           - Stopping loop
15:12:22.727 [JavaFX Application Thread] DEBUG SystemBundleService  - Saving FXGL system data
15:12:22.743 [JavaFX Application Thread] DEBUG FileSystemAccess     - Writing to: M:\GameByte Novel Compression Solution\GameByte\system\fxgl.bundle
15:12:22.753 [JavaFX Application Thread] DEBUG Async                - Shutting down background threads
15:12:22.753 [JavaFX Application Thread] DEBUG PrimaryStageWindow   - Closing main window
15:12:22.760 [JavaFX Application Thread] DEBUG Logger               - Closing Logger
