17:28:33.476 [main                     ] DEBUG Logger               - Configured Logger
17:28:33.491 [main                     ] DEBUG GameApplication      - Logging settings
Title: GameByte Compression Solution!
Version: 0.0
Width: 800
Height: 600
Fullscreen: false
Intro: false
Profiling: false
Single step:false
App Mode: DEVELOPER
Menu Key: ESCAPE
Stage Style: DECORATED
Scene Factory: class com.almasb.fxgl.app.scene.SceneFactory

17:28:33.947 [JavaFX Application Thread] DEBUG FXGLApplication      - Initializing FXGL
17:28:33.952 [JavaFX Application Thread] INFO  Engine               - FXGL-21.1 (27.03.2024 07.52) on WINDOWS (J:22.0.1 FX:21.0.1)
17:28:33.952 [JavaFX Application Thread] DEBUG Engine               - JRE Vendor Name: Oracle Corporation
17:28:33.953 [JavaFX Application Thread] DEBUG Engine               - Running on OS: Windows 10 version 10.0
17:28:33.953 [JavaFX Application Thread] DEBUG Engine               - Architecture: amd64
17:28:33.953 [JavaFX Application Thread] INFO  Engine               - Source code and latest versions at: https://github.com/AlmasB/FXGL
17:28:33.953 [JavaFX Application Thread] INFO  Engine               -       Ask questions and discuss at: https://github.com/AlmasB/FXGL/discussions
17:28:33.953 [JavaFX Application Thread] INFO  Engine               -              Join the FXGL chat at: https://gitter.im/AlmasB/FXGL
17:28:34.224 [JavaFX Application Thread] DEBUG PrimaryStageWindow   - Creating a JavaFX scene
17:28:34.329 [JavaFX Application Thread] DEBUG PrimaryStageWindow   - Target settings size: 800.0 x 600.0
17:28:34.329 [JavaFX Application Thread] DEBUG PrimaryStageWindow   - Scaled scene size:    800.0 x 600.0
17:28:34.329 [JavaFX Application Thread] DEBUG PrimaryStageWindow   - Scaled ratio: (1.0, 1.0)
17:28:34.330 [JavaFX Application Thread] DEBUG PrimaryStageWindow   - Set initial scene to FXGLStartupScene
17:28:34.334 [JavaFX Application Thread] DEBUG PrimaryStageWindow   - Opening main window
17:28:34.440 [JavaFX Application Thread] DEBUG PrimaryStageWindow   - Window border size: (16.0, 39.0)
17:28:34.441 [JavaFX Application Thread] DEBUG PrimaryStageWindow   - Scaled size: 800.0 x 600.0
17:28:34.441 [JavaFX Application Thread] DEBUG PrimaryStageWindow   - Scaled ratio: (1.0, 1.0)
17:28:34.441 [JavaFX Application Thread] DEBUG PrimaryStageWindow   - Scene size: 800.0 x 600.0
17:28:34.441 [JavaFX Application Thread] DEBUG PrimaryStageWindow   - Stage size: 816.0 x 639.0
17:28:34.451 [FXGL Background Thread 1 ] DEBUG Engine               - Initializing environment variables
17:28:34.512 [FXGL Background Thread 1 ] DEBUG FXGLAssetLoaderServi - User app class for loading assets: class GameByte
17:28:34.512 [FXGL Background Thread 1 ] DEBUG GameApplicationServi - Applying CSS: fxgl_dark.css
17:28:34.514 [FXGL Background Thread 1 ] DEBUG FXGLAssetLoaderServi - Loading from file system: jar:file:/C:/Users/cc1501/.m2/repository/com/github/almasb/fxgl/21.1/fxgl-21.1.jar!/fxglassets/ui/css/fxgl_dark.css
17:28:34.568 [FXGL Background Thread 1 ] DEBUG GameApplicationServi - Initializing application scenes
17:28:34.631 [FXGL Background Thread 1 ] DEBUG GameWorld            - Game world initialized
17:28:34.720 [FXGL Background Thread 1 ] DEBUG PhysicsWorld         - Physics world initialized: appHeight=600, physics.ppm=50.0
17:28:34.720 [FXGL Background Thread 1 ] DEBUG PhysicsWorld         - Using strategy: BRUTE_FORCE
17:28:34.725 [FXGL Background Thread 1 ] DEBUG GameScene            - Game scene initialized: 800x600
17:28:34.744 [FXGL Background Thread 1 ] DEBUG FXGL.DefaultMenu     - createMenuBodyGameMenu()
17:28:34.777 [FXGL Background Thread 1 ] DEBUG FXGL.DefaultMenu     - createOptionsMenu()
17:28:34.794 [FXGL Background Thread 1 ] DEBUG FXGLAssetLoaderServi - Loading from file system: jar:file:/C:/Users/cc1501/.m2/repository/com/github/almasb/fxgl/21.1/fxgl-21.1.jar!/fxglassets/textures/particles/smoke.png
17:28:34.920 [FXGL Background Thread 1 ] DEBUG FXGLAssetLoaderServi - Loading from file system: jar:file:/C:/Users/cc1501/.m2/repository/com/github/almasb/fxgl/21.1/fxgl-21.1.jar!/fxglassets/textures/particles/trace_horizontal.png
17:28:34.937 [FXGL Background Thread 1 ] DEBUG GameApplicationServi - Application scenes initialized
17:28:34.959 [FXGL Background Thread 1 ] DEBUG SystemBundleService  - Loading FXGL system data
17:28:34.969 [FXGL Background Thread 1 ] DEBUG FileSystemAccess     - Reading from: M:\GameByte Novel Compression Solution\system\fxgl.bundle
17:28:34.974 [FXGL Background Thread 1 ] DEBUG SystemBundleService  - Bundle FXGL: {}
17:28:34.974 [FXGL Background Thread 1 ] DEBUG UpdaterService       - Checking for updates
17:28:34.977 [FXGL Background Thread 4 ] DEBUG FXGLApplication      - Loading fonts
17:28:34.978 [FXGL Background Thread 4 ] DEBUG FXGLAssetLoaderServi - Loading from file system: jar:file:/C:/Users/cc1501/.m2/repository/com/github/almasb/fxgl/21.1/fxgl-21.1.jar!/fxglassets/ui/fonts/VarelaRound-Regular.ttf
17:28:34.979 [FXGL Background Thread 1 ] DEBUG FXGLApplication      - Loading default localization
17:28:34.980 [FXGL Background Thread 1 ] DEBUG FXGLAssetLoaderServi - Loading from file system: jar:file:/C:/Users/cc1501/.m2/repository/com/github/almasb/fxgl/21.1/fxgl-21.1.jar!/fxglassets/languages/english.lang
17:28:35.013 [FXGL Background Thread 4 ] DEBUG FXGLAssetLoaderServi - Loading from file system: jar:file:/C:/Users/cc1501/.m2/repository/com/github/almasb/fxgl/21.1/fxgl-21.1.jar!/fxglassets/ui/fonts/Abel-Regular.ttf
17:28:35.021 [FXGL Background Thread 4 ] DEBUG FXGLAssetLoaderServi - Loading from file system: jar:file:/C:/Users/cc1501/.m2/repository/com/github/almasb/fxgl/21.1/fxgl-21.1.jar!/fxglassets/ui/fonts/TerminalLandMono-Regular.otf
17:28:35.023 [FXGL Background Thread 1 ] INFO  FXGLApplication      - FXGL initialization took: 0.572 sec
17:28:35.025 [JavaFX Application Thread] DEBUG FXGLAssetLoaderServi - Loading from file system: jar:file:/C:/Users/cc1501/.m2/repository/com/github/almasb/fxgl/21.1/fxgl-21.1.jar!/fxglassets/textures/fxgl_icon.png
17:28:35.028 [FXGL Background Thread 4 ] DEBUG FXGLAssetLoaderServi - Loading from file system: jar:file:/C:/Users/cc1501/.m2/repository/com/github/almasb/fxgl/21.1/fxgl-21.1.jar!/fxglassets/ui/fonts/Courier-Prime.ttf
17:28:35.048 [JavaFX Application Thread] DEBUG FXGLAssetLoaderServi - Loading from file system: jar:file:/C:/Users/cc1501/.m2/repository/com/github/almasb/fxgl/21.1/fxgl-21.1.jar!/fxglassets/textures/fxgl_default_cursor.png
17:28:35.063 [JavaFX Application Thread] DEBUG Input                - Registered new binding: Screenshot - CTRL+8
17:28:35.064 [JavaFX Application Thread] DEBUG Input                - Registered new binding: System info dump - CTRL+9
17:28:35.064 [JavaFX Application Thread] DEBUG Input                - Registered new binding: Restart - CTRL+R
17:28:35.065 [JavaFX Application Thread] DEBUG Input                - Registered new binding: Toggle Debug Camera - CTRL+7
17:28:35.070 [JavaFX Application Thread] DEBUG LoopRunner           - Starting loop
17:28:35.070 [JavaFX Application Thread] DEBUG LoopRunner           - Initializing JavaFX AnimationTimerLoop
17:28:35.079 [JavaFX Application Thread] DEBUG GameApplicationServi - Starting new game
17:28:35.079 [JavaFX Application Thread] DEBUG Input                - Clearing active input actions
17:28:35.095 [JavaFX Application Thread] DEBUG GameApplicationServi - Removing overlay from FXGLStartupScene and adding to FXGLLoadingScene
17:28:35.095 [JavaFX Application Thread] DEBUG PrimaryStageWindow   - FXGLStartupScene -> FXGLLoadingScene
17:28:35.095 [JavaFX Application Thread] DEBUG GameApplicationServi - Clearing previous game
17:28:35.095 [JavaFX Application Thread] DEBUG GameScene            - Clearing game scene
17:28:35.095 [JavaFX Application Thread] DEBUG GameWorld            - Clearing game world
17:28:35.095 [JavaFX Application Thread] DEBUG PhysicsWorld         - Clearing physics world
17:28:35.099 [FXGL Background Thread 4 ] DEBUG FXGLApplication      - Initializing game
17:28:35.100 [JavaFX Application Thread] DEBUG FXGLApplication      - Registering font factories with UI factory
17:28:35.102 [FXGL Background Thread 4 ] DEBUG FXGLAssetLoaderServi - Loading from file system: file:/M:/GameByte%20Novel%20Compression%20Solution/GameByte/target/classes/assets/textures/Pickaxe200.jpg
17:28:35.171 [FXGL Background Thread 4 ] INFO  FXGLApplication      - Game initialization took: 0.072 sec
17:28:35.183 [JavaFX Application Thread] DEBUG Input                - Clearing active input actions
17:28:35.187 [JavaFX Application Thread] DEBUG GameApplicationServi - Removing overlay from FXGLLoadingScene and adding to GameScene
17:28:35.187 [JavaFX Application Thread] DEBUG PrimaryStageWindow   - FXGLLoadingScene -> GameScene
17:28:37.497 [JavaFX Application Thread] DEBUG FXGLApplication      - Exiting FXGL
17:28:37.497 [JavaFX Application Thread] DEBUG LoopRunner           - Stopping loop
17:28:37.498 [JavaFX Application Thread] DEBUG SystemBundleService  - Saving FXGL system data
17:28:37.511 [JavaFX Application Thread] DEBUG FileSystemAccess     - Writing to: M:\GameByte Novel Compression Solution\system\fxgl.bundle
17:28:37.518 [JavaFX Application Thread] DEBUG Async                - Shutting down background threads
17:28:37.518 [JavaFX Application Thread] DEBUG PrimaryStageWindow   - Closing main window
17:28:37.528 [JavaFX Application Thread] DEBUG Logger               - Closing Logger
