17:33:07.795 [main                     ] DEBUG Logger               - Configured Logger
17:33:07.805 [main                     ] DEBUG GameApplication      - Logging settings
Title: GameByte Compression Solution!
Version: 0.0
Width: 800
Height: 600
Fullscreen: false
Intro: false
Profiling: false
Single step:false
App Mode: DEVELOPER
Menu Key: ESCAPE
Stage Style: DECORATED
Scene Factory: class com.almasb.fxgl.app.scene.SceneFactory

17:33:08.256 [JavaFX Application Thread] DEBUG FXGLApplication      - Initializing FXGL
17:33:08.260 [JavaFX Application Thread] INFO  Engine               - FXGL-21.1 (27.03.2024 07.52) on WINDOWS (J:22.0.1 FX:21.0.1)
17:33:08.260 [JavaFX Application Thread] DEBUG Engine               - JRE Vendor Name: Oracle Corporation
17:33:08.260 [JavaFX Application Thread] DEBUG Engine               - Running on OS: Windows 10 version 10.0
17:33:08.261 [JavaFX Application Thread] DEBUG Engine               - Architecture: amd64
17:33:08.261 [JavaFX Application Thread] INFO  Engine               - Source code and latest versions at: https://github.com/AlmasB/FXGL
17:33:08.261 [JavaFX Application Thread] INFO  Engine               -       Ask questions and discuss at: https://github.com/AlmasB/FXGL/discussions
17:33:08.261 [JavaFX Application Thread] INFO  Engine               -              Join the FXGL chat at: https://gitter.im/AlmasB/FXGL
17:33:08.516 [JavaFX Application Thread] DEBUG PrimaryStageWindow   - Creating a JavaFX scene
17:33:08.618 [JavaFX Application Thread] DEBUG PrimaryStageWindow   - Target settings size: 800.0 x 600.0
17:33:08.618 [JavaFX Application Thread] DEBUG PrimaryStageWindow   - Scaled scene size:    800.0 x 600.0
17:33:08.618 [JavaFX Application Thread] DEBUG PrimaryStageWindow   - Scaled ratio: (1.0, 1.0)
17:33:08.619 [JavaFX Application Thread] DEBUG PrimaryStageWindow   - Set initial scene to FXGLStartupScene
17:33:08.623 [JavaFX Application Thread] DEBUG PrimaryStageWindow   - Opening main window
17:33:08.718 [JavaFX Application Thread] DEBUG PrimaryStageWindow   - Window border size: (16.0, 39.0)
17:33:08.719 [JavaFX Application Thread] DEBUG PrimaryStageWindow   - Scaled size: 800.0 x 600.0
17:33:08.719 [JavaFX Application Thread] DEBUG PrimaryStageWindow   - Scaled ratio: (1.0, 1.0)
17:33:08.719 [JavaFX Application Thread] DEBUG PrimaryStageWindow   - Scene size: 800.0 x 600.0
17:33:08.719 [JavaFX Application Thread] DEBUG PrimaryStageWindow   - Stage size: 816.0 x 639.0
17:33:08.728 [FXGL Background Thread 1 ] DEBUG Engine               - Initializing environment variables
17:33:08.781 [FXGL Background Thread 1 ] DEBUG FXGLAssetLoaderServi - User app class for loading assets: class GameByte
17:33:08.781 [FXGL Background Thread 1 ] DEBUG GameApplicationServi - Applying CSS: fxgl_dark.css
17:33:08.782 [FXGL Background Thread 1 ] DEBUG FXGLAssetLoaderServi - Loading from file system: jar:file:/C:/Users/cc1501/.m2/repository/com/github/almasb/fxgl/21.1/fxgl-21.1.jar!/fxglassets/ui/css/fxgl_dark.css
17:33:08.833 [FXGL Background Thread 1 ] DEBUG GameApplicationServi - Initializing application scenes
17:33:08.896 [FXGL Background Thread 1 ] DEBUG GameWorld            - Game world initialized
17:33:08.982 [FXGL Background Thread 1 ] DEBUG PhysicsWorld         - Physics world initialized: appHeight=600, physics.ppm=50.0
17:33:08.982 [FXGL Background Thread 1 ] DEBUG PhysicsWorld         - Using strategy: BRUTE_FORCE
17:33:08.986 [FXGL Background Thread 1 ] DEBUG GameScene            - Game scene initialized: 800x600
17:33:09.002 [FXGL Background Thread 1 ] DEBUG FXGL.DefaultMenu     - createMenuBodyGameMenu()
17:33:09.041 [FXGL Background Thread 1 ] DEBUG FXGL.DefaultMenu     - createOptionsMenu()
17:33:09.057 [FXGL Background Thread 1 ] DEBUG FXGLAssetLoaderServi - Loading from file system: jar:file:/C:/Users/cc1501/.m2/repository/com/github/almasb/fxgl/21.1/fxgl-21.1.jar!/fxglassets/textures/particles/smoke.png
17:33:09.175 [FXGL Background Thread 1 ] DEBUG FXGLAssetLoaderServi - Loading from file system: jar:file:/C:/Users/cc1501/.m2/repository/com/github/almasb/fxgl/21.1/fxgl-21.1.jar!/fxglassets/textures/particles/trace_horizontal.png
17:33:09.193 [FXGL Background Thread 1 ] DEBUG GameApplicationServi - Application scenes initialized
17:33:09.212 [FXGL Background Thread 1 ] DEBUG SystemBundleService  - Loading FXGL system data
17:33:09.228 [FXGL Background Thread 1 ] DEBUG FileSystemAccess     - Reading from: M:\GameByte Novel Compression Solution\system\fxgl.bundle
17:33:09.233 [FXGL Background Thread 1 ] DEBUG SystemBundleService  - Bundle FXGL: {}
17:33:09.233 [FXGL Background Thread 1 ] DEBUG UpdaterService       - Checking for updates
17:33:09.240 [FXGL Background Thread 4 ] DEBUG FXGLApplication      - Loading fonts
17:33:09.242 [FXGL Background Thread 4 ] DEBUG FXGLAssetLoaderServi - Loading from file system: jar:file:/C:/Users/cc1501/.m2/repository/com/github/almasb/fxgl/21.1/fxgl-21.1.jar!/fxglassets/ui/fonts/VarelaRound-Regular.ttf
17:33:09.242 [FXGL Background Thread 1 ] DEBUG FXGLApplication      - Loading default localization
17:33:09.244 [FXGL Background Thread 1 ] DEBUG FXGLAssetLoaderServi - Loading from file system: jar:file:/C:/Users/cc1501/.m2/repository/com/github/almasb/fxgl/21.1/fxgl-21.1.jar!/fxglassets/languages/english.lang
17:33:09.263 [FXGL Background Thread 4 ] DEBUG FXGLAssetLoaderServi - Loading from file system: jar:file:/C:/Users/cc1501/.m2/repository/com/github/almasb/fxgl/21.1/fxgl-21.1.jar!/fxglassets/ui/fonts/Abel-Regular.ttf
17:33:09.271 [FXGL Background Thread 4 ] DEBUG FXGLAssetLoaderServi - Loading from file system: jar:file:/C:/Users/cc1501/.m2/repository/com/github/almasb/fxgl/21.1/fxgl-21.1.jar!/fxglassets/ui/fonts/TerminalLandMono-Regular.otf
17:33:09.279 [FXGL Background Thread 4 ] DEBUG FXGLAssetLoaderServi - Loading from file system: jar:file:/C:/Users/cc1501/.m2/repository/com/github/almasb/fxgl/21.1/fxgl-21.1.jar!/fxglassets/ui/fonts/Courier-Prime.ttf
17:33:09.280 [FXGL Background Thread 1 ] INFO  FXGLApplication      - FXGL initialization took: 0.552 sec
17:33:09.282 [JavaFX Application Thread] DEBUG FXGLAssetLoaderServi - Loading from file system: jar:file:/C:/Users/cc1501/.m2/repository/com/github/almasb/fxgl/21.1/fxgl-21.1.jar!/fxglassets/textures/fxgl_icon.png
17:33:09.308 [JavaFX Application Thread] DEBUG FXGLAssetLoaderServi - Loading from file system: jar:file:/C:/Users/cc1501/.m2/repository/com/github/almasb/fxgl/21.1/fxgl-21.1.jar!/fxglassets/textures/fxgl_default_cursor.png
17:33:09.321 [JavaFX Application Thread] DEBUG Input                - Registered new binding: Screenshot - CTRL+8
17:33:09.322 [JavaFX Application Thread] DEBUG Input                - Registered new binding: System info dump - CTRL+9
17:33:09.322 [JavaFX Application Thread] DEBUG Input                - Registered new binding: Restart - CTRL+R
17:33:09.325 [JavaFX Application Thread] DEBUG Input                - Registered new binding: Toggle Debug Camera - CTRL+7
17:33:09.331 [JavaFX Application Thread] DEBUG LoopRunner           - Starting loop
17:33:09.331 [JavaFX Application Thread] DEBUG LoopRunner           - Initializing JavaFX AnimationTimerLoop
17:33:09.338 [JavaFX Application Thread] DEBUG GameApplicationServi - Starting new game
17:33:09.340 [JavaFX Application Thread] DEBUG Input                - Clearing active input actions
17:33:09.355 [JavaFX Application Thread] DEBUG GameApplicationServi - Removing overlay from FXGLStartupScene and adding to FXGLLoadingScene
17:33:09.356 [JavaFX Application Thread] DEBUG PrimaryStageWindow   - FXGLStartupScene -> FXGLLoadingScene
17:33:09.356 [JavaFX Application Thread] DEBUG GameApplicationServi - Clearing previous game
17:33:09.356 [JavaFX Application Thread] DEBUG GameScene            - Clearing game scene
17:33:09.356 [JavaFX Application Thread] DEBUG GameWorld            - Clearing game world
17:33:09.356 [JavaFX Application Thread] DEBUG PhysicsWorld         - Clearing physics world
17:33:09.358 [JavaFX Application Thread] DEBUG FXGLApplication      - Registering font factories with UI factory
17:33:09.357 [FXGL Background Thread 4 ] DEBUG FXGLApplication      - Initializing game
17:33:09.360 [FXGL Background Thread 4 ] DEBUG FXGLAssetLoaderServi - Loading from file system: file:/M:/GameByte%20Novel%20Compression%20Solution/GameByte/target/classes/assets/textures/Pickaxe200.jpg
17:33:09.426 [FXGL Background Thread 4 ] INFO  FXGLApplication      - Game initialization took: 0.069 sec
17:33:09.439 [JavaFX Application Thread] DEBUG Input                - Clearing active input actions
17:33:09.444 [JavaFX Application Thread] DEBUG GameApplicationServi - Removing overlay from FXGLLoadingScene and adding to GameScene
17:33:09.444 [JavaFX Application Thread] DEBUG PrimaryStageWindow   - FXGLLoadingScene -> GameScene
17:33:11.661 [JavaFX Application Thread] DEBUG FXGLApplication      - Exiting FXGL
17:33:11.661 [JavaFX Application Thread] DEBUG LoopRunner           - Stopping loop
17:33:11.661 [JavaFX Application Thread] DEBUG SystemBundleService  - Saving FXGL system data
17:33:11.673 [JavaFX Application Thread] DEBUG FileSystemAccess     - Writing to: M:\GameByte Novel Compression Solution\system\fxgl.bundle
17:33:11.680 [JavaFX Application Thread] DEBUG Async                - Shutting down background threads
17:33:11.680 [JavaFX Application Thread] DEBUG PrimaryStageWindow   - Closing main window
17:33:11.687 [JavaFX Application Thread] DEBUG Logger               - Closing Logger
