09:19:33.692 [main                     ] DEBUG Logger               - Configured Logger
09:19:33.702 [main                     ] DEBUG GameApplication      - Logging settings
Title: GameByte
Version: 0.0
Width: 900
Height: 800
Fullscreen: false
Intro: false
Profiling: false
Single step:false
App Mode: DEVELOPER
Menu Key: ESCAPE
Stage Style: DECORATED
Scene Factory: class com.almasb.fxgl.app.scene.SceneFactory

09:19:34.330 [JavaFX Application Thread] DEBUG FXGLApplication      - Initializing FXGL
09:19:34.335 [JavaFX Application Thread] INFO  Engine               - FXGL-21.1 (27.03.2024 07.52) on WINDOWS (J:24.0.1 FX:21.0.1)
09:19:34.335 [JavaFX Application Thread] DEBUG Engine               - JRE Vendor Name: Oracle Corporation
09:19:34.335 [JavaFX Application Thread] DEBUG Engine               - Running on OS: Windows 10 version 10.0
09:19:34.336 [JavaFX Application Thread] DEBUG Engine               - Architecture: amd64
09:19:34.336 [JavaFX Application Thread] INFO  Engine               - Source code and latest versions at: https://github.com/AlmasB/FXGL
09:19:34.336 [JavaFX Application Thread] INFO  Engine               -       Ask questions and discuss at: https://github.com/AlmasB/FXGL/discussions
09:19:34.336 [JavaFX Application Thread] INFO  Engine               -              Join the FXGL chat at: https://gitter.im/AlmasB/FXGL
09:19:34.621 [JavaFX Application Thread] DEBUG PrimaryStageWindow   - Creating a JavaFX scene
09:19:34.721 [JavaFX Application Thread] DEBUG PrimaryStageWindow   - Target settings size: 900.0 x 800.0
09:19:34.721 [JavaFX Application Thread] DEBUG PrimaryStageWindow   - Scaled scene size:    900.0 x 800.0
09:19:34.722 [JavaFX Application Thread] DEBUG PrimaryStageWindow   - Scaled ratio: (1.0, 1.0)
09:19:34.723 [JavaFX Application Thread] DEBUG PrimaryStageWindow   - Set initial scene to FXGLStartupScene
09:19:34.728 [JavaFX Application Thread] DEBUG PrimaryStageWindow   - Opening main window
09:19:34.846 [JavaFX Application Thread] DEBUG PrimaryStageWindow   - Window border size: (16.0, 39.0)
09:19:34.846 [JavaFX Application Thread] DEBUG PrimaryStageWindow   - Scaled size: 900.0 x 800.0
09:19:34.846 [JavaFX Application Thread] DEBUG PrimaryStageWindow   - Scaled ratio: (1.0, 1.0)
09:19:34.847 [JavaFX Application Thread] DEBUG PrimaryStageWindow   - Scene size: 900.0 x 800.0
09:19:34.847 [JavaFX Application Thread] DEBUG PrimaryStageWindow   - Stage size: 916.0 x 839.0
09:19:34.857 [FXGL Background Thread 1 ] DEBUG Engine               - Initializing environment variables
09:19:34.928 [FXGL Background Thread 1 ] DEBUG FXGLAssetLoaderServi - User app class for loading assets: class GameByteApp
09:19:34.928 [FXGL Background Thread 1 ] DEBUG GameApplicationServi - Applying CSS: fxgl_dark.css
09:19:34.930 [FXGL Background Thread 1 ] DEBUG FXGLAssetLoaderServi - Loading from file system: jar:file:/C:/Users/cc1501/.m2/repository/com/github/almasb/fxgl/21.1/fxgl-21.1.jar!/fxglassets/ui/css/fxgl_dark.css
09:19:34.994 [FXGL Background Thread 1 ] DEBUG GameApplicationServi - Initializing application scenes
09:19:35.062 [FXGL Background Thread 1 ] DEBUG GameWorld            - Game world initialized
09:19:35.170 [FXGL Background Thread 1 ] DEBUG PhysicsWorld         - Physics world initialized: appHeight=800, physics.ppm=50.0
09:19:35.170 [FXGL Background Thread 1 ] DEBUG PhysicsWorld         - Using strategy: BRUTE_FORCE
09:19:35.176 [FXGL Background Thread 1 ] DEBUG GameScene            - Game scene initialized: 900x800
09:19:35.199 [FXGL Background Thread 1 ] DEBUG FXGL.DefaultMenu     - createMenuBodyGameMenu()
09:19:35.239 [FXGL Background Thread 1 ] DEBUG FXGL.DefaultMenu     - createOptionsMenu()
09:19:35.261 [FXGL Background Thread 1 ] DEBUG FXGLAssetLoaderServi - Loading from file system: jar:file:/C:/Users/cc1501/.m2/repository/com/github/almasb/fxgl/21.1/fxgl-21.1.jar!/fxglassets/textures/particles/smoke.png
09:19:35.383 [FXGL Background Thread 1 ] DEBUG FXGLAssetLoaderServi - Loading from file system: jar:file:/C:/Users/cc1501/.m2/repository/com/github/almasb/fxgl/21.1/fxgl-21.1.jar!/fxglassets/textures/particles/trace_horizontal.png
09:19:35.407 [FXGL Background Thread 1 ] DEBUG GameApplicationServi - Application scenes initialized
09:19:35.428 [FXGL Background Thread 1 ] DEBUG SystemBundleService  - Loading FXGL system data
09:19:35.438 [FXGL Background Thread 1 ] DEBUG FileSystemAccess     - Reading from: M:\GameByte Novel Compression Solution\system\fxgl.bundle
09:19:35.444 [FXGL Background Thread 1 ] DEBUG SystemBundleService  - Bundle FXGL: {}
09:19:35.444 [FXGL Background Thread 1 ] DEBUG UpdaterService       - Checking for updates
09:19:35.451 [FXGL Background Thread 4 ] DEBUG FXGLApplication      - Loading fonts
09:19:35.452 [FXGL Background Thread 4 ] DEBUG FXGLAssetLoaderServi - Loading from file system: jar:file:/C:/Users/cc1501/.m2/repository/com/github/almasb/fxgl/21.1/fxgl-21.1.jar!/fxglassets/ui/fonts/VarelaRound-Regular.ttf
09:19:35.453 [FXGL Background Thread 1 ] DEBUG FXGLApplication      - Loading default localization
09:19:35.455 [FXGL Background Thread 1 ] DEBUG FXGLAssetLoaderServi - Loading from file system: jar:file:/C:/Users/cc1501/.m2/repository/com/github/almasb/fxgl/21.1/fxgl-21.1.jar!/fxglassets/languages/english.lang
09:19:35.485 [FXGL Background Thread 1 ] INFO  FXGLApplication      - FXGL initialization took: 0.628 sec
09:19:35.486 [JavaFX Application Thread] DEBUG FXGLAssetLoaderServi - Loading from file system: jar:file:/C:/Users/cc1501/.m2/repository/com/github/almasb/fxgl/21.1/fxgl-21.1.jar!/fxglassets/textures/fxgl_icon.png
09:19:35.491 [FXGL Background Thread 4 ] DEBUG FXGLAssetLoaderServi - Loading from file system: jar:file:/C:/Users/cc1501/.m2/repository/com/github/almasb/fxgl/21.1/fxgl-21.1.jar!/fxglassets/ui/fonts/Abel-Regular.ttf
09:19:35.499 [FXGL Background Thread 4 ] DEBUG FXGLAssetLoaderServi - Loading from file system: jar:file:/C:/Users/cc1501/.m2/repository/com/github/almasb/fxgl/21.1/fxgl-21.1.jar!/fxglassets/ui/fonts/TerminalLandMono-Regular.otf
09:19:35.508 [FXGL Background Thread 4 ] DEBUG FXGLAssetLoaderServi - Loading from file system: jar:file:/C:/Users/cc1501/.m2/repository/com/github/almasb/fxgl/21.1/fxgl-21.1.jar!/fxglassets/ui/fonts/Courier-Prime.ttf
09:19:35.510 [JavaFX Application Thread] DEBUG FXGLAssetLoaderServi - Loading from file system: jar:file:/C:/Users/cc1501/.m2/repository/com/github/almasb/fxgl/21.1/fxgl-21.1.jar!/fxglassets/textures/fxgl_default_cursor.png
09:19:35.530 [JavaFX Application Thread] DEBUG Input                - Registered new binding: Screenshot - CTRL+8
09:19:35.531 [JavaFX Application Thread] DEBUG Input                - Registered new binding: System info dump - CTRL+9
09:19:35.532 [JavaFX Application Thread] DEBUG Input                - Registered new binding: Restart - CTRL+R
09:19:35.533 [JavaFX Application Thread] DEBUG Input                - Registered new binding: Toggle Debug Camera - CTRL+7
09:19:35.539 [JavaFX Application Thread] DEBUG LoopRunner           - Starting loop
09:19:35.540 [JavaFX Application Thread] DEBUG LoopRunner           - Initializing JavaFX AnimationTimerLoop
09:19:35.545 [JavaFX Application Thread] DEBUG GameApplicationServi - Starting new game
09:19:35.545 [JavaFX Application Thread] DEBUG Input                - Clearing active input actions
09:19:35.564 [JavaFX Application Thread] DEBUG GameApplicationServi - Removing overlay from FXGLStartupScene and adding to FXGLLoadingScene
09:19:35.564 [JavaFX Application Thread] DEBUG PrimaryStageWindow   - FXGLStartupScene -> FXGLLoadingScene
09:19:35.564 [JavaFX Application Thread] DEBUG GameApplicationServi - Clearing previous game
09:19:35.564 [JavaFX Application Thread] DEBUG GameScene            - Clearing game scene
09:19:35.565 [JavaFX Application Thread] DEBUG GameWorld            - Clearing game world
09:19:35.565 [JavaFX Application Thread] DEBUG PhysicsWorld         - Clearing physics world
09:19:35.566 [FXGL Background Thread 4 ] DEBUG FXGLApplication      - Initializing game
09:19:35.568 [JavaFX Application Thread] DEBUG FXGLApplication      - Registering font factories with UI factory
09:19:35.759 [FXGL Background Thread 4 ] INFO  FXGLApplication      - Game initialization took: 0.192 sec
09:19:35.761 [JavaFX Application Thread] DEBUG Input                - Clearing active input actions
09:19:35.785 [JavaFX Application Thread] DEBUG GameApplicationServi - Removing overlay from FXGLLoadingScene and adding to GameScene
09:19:35.785 [JavaFX Application Thread] DEBUG PrimaryStageWindow   - FXGLLoadingScene -> GameScene
09:19:38.447 [FXGL Background Thread 3 ] DEBUG Engine               - Logging environment variables
09:19:38.447 [FXGL Background Thread 3 ] DEBUG Engine               - achievements: []
09:19:38.447 [FXGL Background Thread 3 ] DEBUG Engine               - actualHeight: 800.0
09:19:38.447 [FXGL Background Thread 3 ] DEBUG Engine               - actualHeightProperty: ReadOnlyDoubleProperty [value: 661.0]
09:19:38.448 [FXGL Background Thread 3 ] DEBUG Engine               - actualWidth: 900.0
09:19:38.448 [FXGL Background Thread 3 ] DEBUG Engine               - actualWidthProperty: ReadOnlyDoubleProperty [value: 784.0]
09:19:38.448 [FXGL Background Thread 3 ] DEBUG Engine               - appIcon: fxgl_icon.png
09:19:38.448 [FXGL Background Thread 3 ] DEBUG Engine               - applicationMode: DEVELOPER
09:19:38.448 [FXGL Background Thread 3 ] DEBUG Engine               - cSSList: [fxgl_dark.css]
09:19:38.448 [FXGL Background Thread 3 ] DEBUG Engine               - collisionDetectionStrategy: BRUTE_FORCE
09:19:38.448 [FXGL Background Thread 3 ] DEBUG Engine               - configClass: Optional.empty
09:19:38.448 [FXGL Background Thread 3 ] DEBUG Engine               - credits: []
09:19:38.448 [FXGL Background Thread 3 ] DEBUG Engine               - defaultCursor: CursorInfo(imageName=fxgl_default_cursor.png, hotspotX=7.0, hotspotY=6.0)
09:19:38.448 [FXGL Background Thread 3 ] DEBUG Engine               - devBBoxColorProperty: ObjectProperty [value: 0xff0000ff]
09:19:38.449 [FXGL Background Thread 3 ] DEBUG Engine               - devEnableDebugCameraProperty: BooleanProperty [value: false]
09:19:38.449 [FXGL Background Thread 3 ] DEBUG Engine               - devSensorColorProperty: ObjectProperty [value: 0xffff00ff]
09:19:38.449 [FXGL Background Thread 3 ] DEBUG Engine               - devShowBBoxProperty: BooleanProperty [value: false]
09:19:38.449 [FXGL Background Thread 3 ] DEBUG Engine               - devShowPositionProperty: BooleanProperty [value: false]
09:19:38.449 [FXGL Background Thread 3 ] DEBUG Engine               - enabledMenuItems: []
09:19:38.449 [FXGL Background Thread 3 ] DEBUG Engine               - engineServices: [class com.almasb.fxgl.app.services.FXGLAssetLoaderService, class com.almasb.fxgl.app.FXGLApplication$GameApplicationService, class com.almasb.fxgl.app.services.FXGLDialogService, class com.almasb.fxgl.app.services.IOTaskExecutorService, class com.almasb.fxgl.io.FileSystemService, class com.almasb.fxgl.localization.LocalizationService, class com.almasb.fxgl.app.services.SystemBundleService, class com.almasb.fxgl.profile.SaveLoadService, class com.almasb.fxgl.ui.FXGLUIFactoryServiceProvider, class com.almasb.fxgl.ui.FXGLDialogFactoryServiceProvider, class com.almasb.fxgl.audio.AudioPlayer, class com.almasb.fxgl.notification.impl.NotificationServiceProvider, class com.almasb.fxgl.achievement.AchievementService, class com.almasb.fxgl.cutscene.CutsceneService, class com.almasb.fxgl.minigames.MiniGameService, class com.almasb.fxgl.net.NetService, class com.almasb.fxgl.app.services.UpdaterService, class com.almasb.fxgl.dev.DevService]
09:19:38.449 [FXGL Background Thread 3 ] DEBUG Engine               - fontGame: Abel-Regular.ttf
09:19:38.449 [FXGL Background Thread 3 ] DEBUG Engine               - fontMono: TerminalLandMono-Regular.otf
09:19:38.449 [FXGL Background Thread 3 ] DEBUG Engine               - fontSizeScaleUI: 1.0
09:19:38.449 [FXGL Background Thread 3 ] DEBUG Engine               - fontText: Courier-Prime.ttf
09:19:38.449 [FXGL Background Thread 3 ] DEBUG Engine               - fontUI: VarelaRound-Regular.ttf
09:19:38.449 [FXGL Background Thread 3 ] DEBUG Engine               - fullScreen: BooleanProperty [value: false]
09:19:38.449 [FXGL Background Thread 3 ] DEBUG Engine               - gameDifficulty: MEDIUM
09:19:38.450 [FXGL Background Thread 3 ] DEBUG Engine               - gameDifficultyProperty: ObjectProperty [value: MEDIUM]
09:19:38.450 [FXGL Background Thread 3 ] DEBUG Engine               - globalMusicVolume: 0.5
09:19:38.450 [FXGL Background Thread 3 ] DEBUG Engine               - globalMusicVolumeProperty: DoubleProperty [value: 0.5]
09:19:38.450 [FXGL Background Thread 3 ] DEBUG Engine               - globalSoundVolume: 0.5
09:19:38.450 [FXGL Background Thread 3 ] DEBUG Engine               - globalSoundVolumeProperty: DoubleProperty [value: 0.5]
09:19:38.450 [FXGL Background Thread 3 ] DEBUG Engine               - height: 800
09:19:38.450 [FXGL Background Thread 3 ] DEBUG Engine               - is3D: false
09:19:38.450 [FXGL Background Thread 3 ] DEBUG Engine               - isAndroid: false
09:19:38.450 [FXGL Background Thread 3 ] DEBUG Engine               - isBrowser: false
09:19:38.450 [FXGL Background Thread 3 ] DEBUG Engine               - isClickFeedbackEnabled: false
09:19:38.450 [FXGL Background Thread 3 ] DEBUG Engine               - isCloseConfirmation: false
09:19:38.450 [FXGL Background Thread 3 ] DEBUG Engine               - isDesktop: true
09:19:38.450 [FXGL Background Thread 3 ] DEBUG Engine               - isDeveloperMenuEnabled: false
09:19:38.450 [FXGL Background Thread 3 ] DEBUG Engine               - isEmbedded: false
09:19:38.450 [FXGL Background Thread 3 ] DEBUG Engine               - isEntityPreloadEnabled: true
09:19:38.450 [FXGL Background Thread 3 ] DEBUG Engine               - isExperimentalTiledLargeMap: false
09:19:38.450 [FXGL Background Thread 3 ] DEBUG Engine               - isFileSystemWriteAllowed: true
09:19:38.450 [FXGL Background Thread 3 ] DEBUG Engine               - isFullScreenAllowed: false
09:19:38.451 [FXGL Background Thread 3 ] DEBUG Engine               - isFullScreenFromStart: false
09:19:38.451 [FXGL Background Thread 3 ] DEBUG Engine               - isGameMenuEnabled: true
09:19:38.451 [FXGL Background Thread 3 ] DEBUG Engine               - isIOS: false
09:19:38.451 [FXGL Background Thread 3 ] DEBUG Engine               - isIntroEnabled: false
09:19:38.451 [FXGL Background Thread 3 ] DEBUG Engine               - isLinux: false
09:19:38.451 [FXGL Background Thread 3 ] DEBUG Engine               - isMac: false
09:19:38.451 [FXGL Background Thread 3 ] DEBUG Engine               - isMainMenuEnabled: false
09:19:38.451 [FXGL Background Thread 3 ] DEBUG Engine               - isManualResizeEnabled: false
09:19:38.451 [FXGL Background Thread 3 ] DEBUG Engine               - isMobile: false
09:19:38.451 [FXGL Background Thread 3 ] DEBUG Engine               - isNative: false
09:19:38.451 [FXGL Background Thread 3 ] DEBUG Engine               - isPauseMusicWhenMinimized: true
09:19:38.451 [FXGL Background Thread 3 ] DEBUG Engine               - isPreserveResizeRatio: false
09:19:38.451 [FXGL Background Thread 3 ] DEBUG Engine               - isProfilingEnabled: false
09:19:38.451 [FXGL Background Thread 3 ] DEBUG Engine               - isScaleAffectedOnResize: true
09:19:38.451 [FXGL Background Thread 3 ] DEBUG Engine               - isSingleStep: false
09:19:38.451 [FXGL Background Thread 3 ] DEBUG Engine               - isUserProfileEnabled: false
09:19:38.451 [FXGL Background Thread 3 ] DEBUG Engine               - isWindows: true
09:19:38.451 [FXGL Background Thread 3 ] DEBUG Engine               - language: ObjectProperty [value: ENGLISH]
09:19:38.451 [FXGL Background Thread 3 ] DEBUG Engine               - menuKey: ESCAPE
09:19:38.451 [FXGL Background Thread 3 ] DEBUG Engine               - mouseSensitivity: 0.2
09:19:38.452 [FXGL Background Thread 3 ] DEBUG Engine               - notificationViewClass: class com.almasb.fxgl.notification.view.XboxNotificationView
09:19:38.452 [FXGL Background Thread 3 ] DEBUG Engine               - pixelsPerMeter: 50.0
09:19:38.452 [FXGL Background Thread 3 ] DEBUG Engine               - platform: WINDOWS
09:19:38.452 [FXGL Background Thread 3 ] DEBUG Engine               - prefHeightProperty: ReadOnlyDoubleProperty [value: 800.0]
09:19:38.452 [FXGL Background Thread 3 ] DEBUG Engine               - prefWidthProperty: ReadOnlyDoubleProperty [value: 900.0]
09:19:38.452 [FXGL Background Thread 3 ] DEBUG Engine               - profileDir: profiles/
09:19:38.452 [FXGL Background Thread 3 ] DEBUG Engine               - profileName: StringProperty [value: DEFAULT]
09:19:38.452 [FXGL Background Thread 3 ] DEBUG Engine               - randomSeed: -1
09:19:38.452 [FXGL Background Thread 3 ] DEBUG Engine               - runtimeInfo: RuntimeInfo(platform=WINDOWS, version=21.1, build=27.03.2024 07.52)
09:19:38.452 [FXGL Background Thread 3 ] DEBUG Engine               - saveFileExt: sav
09:19:38.452 [FXGL Background Thread 3 ] DEBUG Engine               - scaledHeightProp$fxgl: DoubleProperty [bound, value: 661.0]
09:19:38.452 [FXGL Background Thread 3 ] DEBUG Engine               - scaledWidthProp$fxgl: DoubleProperty [bound, value: 784.0]
09:19:38.452 [FXGL Background Thread 3 ] DEBUG Engine               - sceneFactory: com.almasb.fxgl.app.scene.SceneFactory@1416e9ab
09:19:38.452 [FXGL Background Thread 3 ] DEBUG Engine               - secondsIn24h: 60
09:19:38.453 [FXGL Background Thread 3 ] DEBUG Engine               - soundMenuBack: menu/back.wav
09:19:38.453 [FXGL Background Thread 3 ] DEBUG Engine               - soundMenuPress: menu/press.wav
09:19:38.453 [FXGL Background Thread 3 ] DEBUG Engine               - soundMenuSelect: menu/select.wav
09:19:38.453 [FXGL Background Thread 3 ] DEBUG Engine               - soundNotification: core/notification.wav
09:19:38.453 [FXGL Background Thread 3 ] DEBUG Engine               - stageStyle: DECORATED
09:19:38.453 [FXGL Background Thread 3 ] DEBUG Engine               - supportedLanguages: [ENGLISH, FRENCH, GERMAN, HUNGARIAN, RUSSIAN]
09:19:38.453 [FXGL Background Thread 3 ] DEBUG Engine               - ticksPerSecond: -1
09:19:38.453 [FXGL Background Thread 3 ] DEBUG Engine               - title: GameByte
09:19:38.453 [FXGL Background Thread 3 ] DEBUG Engine               - urlGithub: https://github.com/AlmasB/FXGL
09:19:38.453 [FXGL Background Thread 3 ] DEBUG Engine               - urlLeaderboard: http://fxgl-top.herokuapp.com/
09:19:38.453 [FXGL Background Thread 3 ] DEBUG Engine               - urlPOM: https://raw.githubusercontent.com/AlmasB/FXGL/release/README.md
09:19:38.453 [FXGL Background Thread 3 ] DEBUG Engine               - userAppClass: class GameByteApp
09:19:38.453 [FXGL Background Thread 3 ] DEBUG Engine               - version: 0.0
09:19:38.453 [FXGL Background Thread 3 ] DEBUG Engine               - versionCheckDays: 7
09:19:38.453 [FXGL Background Thread 3 ] DEBUG Engine               - width: 900
09:19:38.453 [FXGL Background Thread 3 ] DEBUG Engine               - Logging services
09:19:38.453 [FXGL Background Thread 3 ] DEBUG Engine               - class com.almasb.fxgl.app.services.FXGLAssetLoaderService
09:19:38.453 [FXGL Background Thread 3 ] DEBUG Engine               - class com.almasb.fxgl.app.FXGLApplication$GameApplicationService
09:19:38.453 [FXGL Background Thread 3 ] DEBUG Engine               - class com.almasb.fxgl.app.services.FXGLDialogService
09:19:38.453 [FXGL Background Thread 3 ] DEBUG Engine               - class com.almasb.fxgl.app.services.IOTaskExecutorService
09:19:38.453 [FXGL Background Thread 3 ] DEBUG Engine               - class com.almasb.fxgl.io.FileSystemService
09:19:38.453 [FXGL Background Thread 3 ] DEBUG Engine               - class com.almasb.fxgl.localization.LocalizationService
09:19:38.453 [FXGL Background Thread 3 ] DEBUG Engine               - class com.almasb.fxgl.app.services.SystemBundleService
09:19:38.453 [FXGL Background Thread 3 ] DEBUG Engine               - class com.almasb.fxgl.profile.SaveLoadService
09:19:38.453 [FXGL Background Thread 3 ] DEBUG Engine               - class com.almasb.fxgl.ui.FXGLUIFactoryServiceProvider
09:19:38.453 [FXGL Background Thread 3 ] DEBUG Engine               - class com.almasb.fxgl.ui.FXGLDialogFactoryServiceProvider
09:19:38.454 [FXGL Background Thread 3 ] DEBUG Engine               - class com.almasb.fxgl.audio.AudioPlayer
09:19:38.454 [FXGL Background Thread 3 ] DEBUG Engine               - class com.almasb.fxgl.notification.impl.NotificationServiceProvider
09:19:38.454 [FXGL Background Thread 3 ] DEBUG Engine               - class com.almasb.fxgl.achievement.AchievementService
09:19:38.454 [FXGL Background Thread 3 ] DEBUG Engine               - class com.almasb.fxgl.cutscene.CutsceneService
09:19:38.454 [FXGL Background Thread 3 ] DEBUG Engine               - class com.almasb.fxgl.minigames.MiniGameService
09:19:38.454 [FXGL Background Thread 3 ] DEBUG Engine               - class com.almasb.fxgl.net.NetService
09:19:38.454 [FXGL Background Thread 3 ] DEBUG Engine               - class com.almasb.fxgl.app.services.UpdaterService
09:19:38.454 [FXGL Background Thread 3 ] DEBUG Engine               - class com.almasb.fxgl.dev.DevService
09:19:52.177 [JavaFX Application Thread] DEBUG FXGLApplication      - Exiting FXGL
09:19:52.177 [JavaFX Application Thread] DEBUG LoopRunner           - Stopping loop
09:19:52.177 [JavaFX Application Thread] DEBUG SystemBundleService  - Saving FXGL system data
09:19:52.192 [JavaFX Application Thread] DEBUG FileSystemAccess     - Writing to: M:\GameByte Novel Compression Solution\system\fxgl.bundle
09:19:52.197 [JavaFX Application Thread] DEBUG Async                - Shutting down background threads
09:19:52.197 [JavaFX Application Thread] DEBUG PrimaryStageWindow   - Closing main window
09:19:52.205 [JavaFX Application Thread] DEBUG Logger               - Closing Logger
