17:45:42.954 [main                     ] DEBUG Logger               - Configured Logger
17:45:42.970 [main                     ] DEBUG GameApplication      - Logging settings
Title: GameByte Compression Solution!
Version: 0.0
Width: 800
Height: 600
Fullscreen: false
Intro: false
Profiling: false
Single step:false
App Mode: DEVELOPER
Menu Key: ESCAPE
Stage Style: DECORATED
Scene Factory: class com.almasb.fxgl.app.scene.SceneFactory

17:45:43.428 [JavaFX Application Thread] DEBUG FXGLApplication      - Initializing FXGL
17:45:43.432 [JavaFX Application Thread] INFO  Engine               - FXGL-21.1 (27.03.2024 07.52) on WINDOWS (J:22.0.1 FX:21.0.1)
17:45:43.432 [JavaFX Application Thread] DEBUG Engine               - JRE Vendor Name: Oracle Corporation
17:45:43.432 [JavaFX Application Thread] DEBUG Engine               - Running on OS: Windows 10 version 10.0
17:45:43.432 [JavaFX Application Thread] DEBUG Engine               - Architecture: amd64
17:45:43.432 [JavaFX Application Thread] INFO  Engine               - Source code and latest versions at: https://github.com/AlmasB/FXGL
17:45:43.433 [JavaFX Application Thread] INFO  Engine               -       Ask questions and discuss at: https://github.com/AlmasB/FXGL/discussions
17:45:43.433 [JavaFX Application Thread] INFO  Engine               -              Join the FXGL chat at: https://gitter.im/AlmasB/FXGL
17:45:43.709 [JavaFX Application Thread] DEBUG PrimaryStageWindow   - Creating a JavaFX scene
17:45:43.806 [JavaFX Application Thread] DEBUG PrimaryStageWindow   - Target settings size: 800.0 x 600.0
17:45:43.806 [JavaFX Application Thread] DEBUG PrimaryStageWindow   - Scaled scene size:    800.0 x 600.0
17:45:43.806 [JavaFX Application Thread] DEBUG PrimaryStageWindow   - Scaled ratio: (1.0, 1.0)
17:45:43.808 [JavaFX Application Thread] DEBUG PrimaryStageWindow   - Set initial scene to FXGLStartupScene
17:45:43.813 [JavaFX Application Thread] DEBUG PrimaryStageWindow   - Opening main window
17:45:43.912 [JavaFX Application Thread] DEBUG PrimaryStageWindow   - Window border size: (16.0, 39.0)
17:45:43.912 [JavaFX Application Thread] DEBUG PrimaryStageWindow   - Scaled size: 800.0 x 600.0
17:45:43.912 [JavaFX Application Thread] DEBUG PrimaryStageWindow   - Scaled ratio: (1.0, 1.0)
17:45:43.912 [JavaFX Application Thread] DEBUG PrimaryStageWindow   - Scene size: 800.0 x 600.0
17:45:43.913 [JavaFX Application Thread] DEBUG PrimaryStageWindow   - Stage size: 816.0 x 639.0
17:45:43.922 [FXGL Background Thread 1 ] DEBUG Engine               - Initializing environment variables
17:45:43.976 [FXGL Background Thread 1 ] DEBUG FXGLAssetLoaderServi - User app class for loading assets: class GameByte
17:45:43.976 [FXGL Background Thread 1 ] DEBUG GameApplicationServi - Applying CSS: fxgl_dark.css
17:45:43.978 [FXGL Background Thread 1 ] DEBUG FXGLAssetLoaderServi - Loading from file system: jar:file:/C:/Users/cc1501/.m2/repository/com/github/almasb/fxgl/21.1/fxgl-21.1.jar!/fxglassets/ui/css/fxgl_dark.css
17:45:44.033 [FXGL Background Thread 1 ] DEBUG GameApplicationServi - Initializing application scenes
17:45:44.103 [FXGL Background Thread 1 ] DEBUG GameWorld            - Game world initialized
17:45:44.182 [FXGL Background Thread 1 ] DEBUG PhysicsWorld         - Physics world initialized: appHeight=600, physics.ppm=50.0
17:45:44.182 [FXGL Background Thread 1 ] DEBUG PhysicsWorld         - Using strategy: BRUTE_FORCE
17:45:44.186 [FXGL Background Thread 1 ] DEBUG GameScene            - Game scene initialized: 800x600
17:45:44.205 [FXGL Background Thread 1 ] DEBUG FXGL.DefaultMenu     - createMenuBodyGameMenu()
17:45:44.238 [FXGL Background Thread 1 ] DEBUG FXGL.DefaultMenu     - createOptionsMenu()
17:45:44.255 [FXGL Background Thread 1 ] DEBUG FXGLAssetLoaderServi - Loading from file system: jar:file:/C:/Users/cc1501/.m2/repository/com/github/almasb/fxgl/21.1/fxgl-21.1.jar!/fxglassets/textures/particles/smoke.png
17:45:44.382 [FXGL Background Thread 1 ] DEBUG FXGLAssetLoaderServi - Loading from file system: jar:file:/C:/Users/cc1501/.m2/repository/com/github/almasb/fxgl/21.1/fxgl-21.1.jar!/fxglassets/textures/particles/trace_horizontal.png
17:45:44.399 [FXGL Background Thread 1 ] DEBUG GameApplicationServi - Application scenes initialized
17:45:44.421 [FXGL Background Thread 1 ] DEBUG SystemBundleService  - Loading FXGL system data
17:45:44.436 [FXGL Background Thread 1 ] DEBUG FileSystemAccess     - Reading from: M:\GameByte Novel Compression Solution\system\fxgl.bundle
17:45:44.441 [FXGL Background Thread 1 ] DEBUG SystemBundleService  - Bundle FXGL: {}
17:45:44.441 [FXGL Background Thread 1 ] DEBUG UpdaterService       - Checking for updates
17:45:44.443 [FXGL Background Thread 4 ] DEBUG FXGLApplication      - Loading fonts
17:45:44.446 [FXGL Background Thread 4 ] DEBUG FXGLAssetLoaderServi - Loading from file system: jar:file:/C:/Users/cc1501/.m2/repository/com/github/almasb/fxgl/21.1/fxgl-21.1.jar!/fxglassets/ui/fonts/VarelaRound-Regular.ttf
17:45:44.446 [FXGL Background Thread 1 ] DEBUG FXGLApplication      - Loading default localization
17:45:44.447 [FXGL Background Thread 1 ] DEBUG FXGLAssetLoaderServi - Loading from file system: jar:file:/C:/Users/cc1501/.m2/repository/com/github/almasb/fxgl/21.1/fxgl-21.1.jar!/fxglassets/languages/english.lang
17:45:44.473 [FXGL Background Thread 4 ] DEBUG FXGLAssetLoaderServi - Loading from file system: jar:file:/C:/Users/cc1501/.m2/repository/com/github/almasb/fxgl/21.1/fxgl-21.1.jar!/fxglassets/ui/fonts/Abel-Regular.ttf
17:45:44.483 [FXGL Background Thread 4 ] DEBUG FXGLAssetLoaderServi - Loading from file system: jar:file:/C:/Users/cc1501/.m2/repository/com/github/almasb/fxgl/21.1/fxgl-21.1.jar!/fxglassets/ui/fonts/TerminalLandMono-Regular.otf
17:45:44.485 [FXGL Background Thread 1 ] INFO  FXGLApplication      - FXGL initialization took: 0.563 sec
17:45:44.487 [JavaFX Application Thread] DEBUG FXGLAssetLoaderServi - Loading from file system: jar:file:/C:/Users/cc1501/.m2/repository/com/github/almasb/fxgl/21.1/fxgl-21.1.jar!/fxglassets/textures/fxgl_icon.png
17:45:44.490 [FXGL Background Thread 4 ] DEBUG FXGLAssetLoaderServi - Loading from file system: jar:file:/C:/Users/cc1501/.m2/repository/com/github/almasb/fxgl/21.1/fxgl-21.1.jar!/fxglassets/ui/fonts/Courier-Prime.ttf
17:45:44.514 [JavaFX Application Thread] DEBUG FXGLAssetLoaderServi - Loading from file system: jar:file:/C:/Users/cc1501/.m2/repository/com/github/almasb/fxgl/21.1/fxgl-21.1.jar!/fxglassets/textures/fxgl_default_cursor.png
17:45:44.528 [JavaFX Application Thread] DEBUG Input                - Registered new binding: Screenshot - CTRL+8
17:45:44.530 [JavaFX Application Thread] DEBUG Input                - Registered new binding: System info dump - CTRL+9
17:45:44.531 [JavaFX Application Thread] DEBUG Input                - Registered new binding: Restart - CTRL+R
17:45:44.532 [JavaFX Application Thread] DEBUG Input                - Registered new binding: Toggle Debug Camera - CTRL+7
17:45:44.545 [JavaFX Application Thread] DEBUG LoopRunner           - Starting loop
17:45:44.546 [JavaFX Application Thread] DEBUG LoopRunner           - Initializing JavaFX AnimationTimerLoop
17:45:44.553 [JavaFX Application Thread] DEBUG GameApplicationServi - Starting new game
17:45:44.554 [JavaFX Application Thread] DEBUG Input                - Clearing active input actions
17:45:44.570 [JavaFX Application Thread] DEBUG GameApplicationServi - Removing overlay from FXGLStartupScene and adding to FXGLLoadingScene
17:45:44.571 [JavaFX Application Thread] DEBUG PrimaryStageWindow   - FXGLStartupScene -> FXGLLoadingScene
17:45:44.571 [JavaFX Application Thread] DEBUG GameApplicationServi - Clearing previous game
17:45:44.571 [JavaFX Application Thread] DEBUG GameScene            - Clearing game scene
17:45:44.571 [JavaFX Application Thread] DEBUG GameWorld            - Clearing game world
17:45:44.571 [JavaFX Application Thread] DEBUG PhysicsWorld         - Clearing physics world
17:45:44.572 [JavaFX Application Thread] DEBUG FXGLApplication      - Registering font factories with UI factory
17:45:44.572 [FXGL Background Thread 4 ] DEBUG FXGLApplication      - Initializing game
17:45:44.577 [FXGL Background Thread 4 ] DEBUG FXGLAssetLoaderServi - Loading from file system: file:/M:/GameByte%20Novel%20Compression%20Solution/GameByte/target/classes/assets/textures/Pickaxe200.jpg
17:45:44.689 [FXGL Background Thread 4 ] INFO  FXGLApplication      - Game initialization took: 0.117 sec
17:45:44.752 [JavaFX Application Thread] DEBUG Input                - Clearing active input actions
17:45:44.759 [JavaFX Application Thread] DEBUG GameApplicationServi - Removing overlay from FXGLLoadingScene and adding to GameScene
17:45:44.759 [JavaFX Application Thread] DEBUG PrimaryStageWindow   - FXGLLoadingScene -> GameScene
17:45:47.444 [FXGL Background Thread 3 ] DEBUG Engine               - Logging environment variables
17:45:47.445 [FXGL Background Thread 3 ] DEBUG Engine               - achievements: []
17:45:47.445 [FXGL Background Thread 3 ] DEBUG Engine               - actualHeight: 600.0
17:45:47.446 [FXGL Background Thread 3 ] DEBUG Engine               - actualHeightProperty: ReadOnlyDoubleProperty [value: 600.0]
17:45:47.446 [FXGL Background Thread 3 ] DEBUG Engine               - actualWidth: 800.0
17:45:47.446 [FXGL Background Thread 3 ] DEBUG Engine               - actualWidthProperty: ReadOnlyDoubleProperty [value: 800.0]
17:45:47.446 [FXGL Background Thread 3 ] DEBUG Engine               - appIcon: fxgl_icon.png
17:45:47.446 [FXGL Background Thread 3 ] DEBUG Engine               - applicationMode: DEVELOPER
17:45:47.447 [FXGL Background Thread 3 ] DEBUG Engine               - cSSList: [fxgl_dark.css]
17:45:47.447 [FXGL Background Thread 3 ] DEBUG Engine               - collisionDetectionStrategy: BRUTE_FORCE
17:45:47.447 [FXGL Background Thread 3 ] DEBUG Engine               - configClass: Optional.empty
17:45:47.447 [FXGL Background Thread 3 ] DEBUG Engine               - credits: []
17:45:47.447 [FXGL Background Thread 3 ] DEBUG Engine               - defaultCursor: CursorInfo(imageName=fxgl_default_cursor.png, hotspotX=7.0, hotspotY=6.0)
17:45:47.448 [FXGL Background Thread 3 ] DEBUG Engine               - devBBoxColorProperty: ObjectProperty [value: 0xff0000ff]
17:45:47.448 [FXGL Background Thread 3 ] DEBUG Engine               - devEnableDebugCameraProperty: BooleanProperty [value: false]
17:45:47.448 [FXGL Background Thread 3 ] DEBUG Engine               - devSensorColorProperty: ObjectProperty [value: 0xffff00ff]
17:45:47.448 [FXGL Background Thread 3 ] DEBUG Engine               - devShowBBoxProperty: BooleanProperty [value: false]
17:45:47.448 [FXGL Background Thread 3 ] DEBUG Engine               - devShowPositionProperty: BooleanProperty [value: false]
17:45:47.448 [FXGL Background Thread 3 ] DEBUG Engine               - enabledMenuItems: []
17:45:47.448 [FXGL Background Thread 3 ] DEBUG Engine               - engineServices: [class com.almasb.fxgl.app.services.FXGLAssetLoaderService, class com.almasb.fxgl.app.FXGLApplication$GameApplicationService, class com.almasb.fxgl.app.services.FXGLDialogService, class com.almasb.fxgl.app.services.IOTaskExecutorService, class com.almasb.fxgl.io.FileSystemService, class com.almasb.fxgl.localization.LocalizationService, class com.almasb.fxgl.app.services.SystemBundleService, class com.almasb.fxgl.profile.SaveLoadService, class com.almasb.fxgl.ui.FXGLUIFactoryServiceProvider, class com.almasb.fxgl.ui.FXGLDialogFactoryServiceProvider, class com.almasb.fxgl.audio.AudioPlayer, class com.almasb.fxgl.notification.impl.NotificationServiceProvider, class com.almasb.fxgl.achievement.AchievementService, class com.almasb.fxgl.cutscene.CutsceneService, class com.almasb.fxgl.minigames.MiniGameService, class com.almasb.fxgl.net.NetService, class com.almasb.fxgl.app.services.UpdaterService, class com.almasb.fxgl.dev.DevService]
17:45:47.448 [FXGL Background Thread 3 ] DEBUG Engine               - fontGame: Abel-Regular.ttf
17:45:47.448 [FXGL Background Thread 3 ] DEBUG Engine               - fontMono: TerminalLandMono-Regular.otf
17:45:47.448 [FXGL Background Thread 3 ] DEBUG Engine               - fontSizeScaleUI: 1.0
17:45:47.449 [FXGL Background Thread 3 ] DEBUG Engine               - fontText: Courier-Prime.ttf
17:45:47.449 [FXGL Background Thread 3 ] DEBUG Engine               - fontUI: VarelaRound-Regular.ttf
17:45:47.449 [FXGL Background Thread 3 ] DEBUG Engine               - fullScreen: BooleanProperty [value: false]
17:45:47.449 [FXGL Background Thread 3 ] DEBUG Engine               - gameDifficulty: MEDIUM
17:45:47.449 [FXGL Background Thread 3 ] DEBUG Engine               - gameDifficultyProperty: ObjectProperty [value: MEDIUM]
17:45:47.449 [FXGL Background Thread 3 ] DEBUG Engine               - globalMusicVolume: 0.5
17:45:47.449 [FXGL Background Thread 3 ] DEBUG Engine               - globalMusicVolumeProperty: DoubleProperty [value: 0.5]
17:45:47.449 [FXGL Background Thread 3 ] DEBUG Engine               - globalSoundVolume: 0.5
17:45:47.449 [FXGL Background Thread 3 ] DEBUG Engine               - globalSoundVolumeProperty: DoubleProperty [value: 0.5]
17:45:47.449 [FXGL Background Thread 3 ] DEBUG Engine               - height: 600
17:45:47.449 [FXGL Background Thread 3 ] DEBUG Engine               - is3D: false
17:45:47.449 [FXGL Background Thread 3 ] DEBUG Engine               - isAndroid: false
17:45:47.449 [FXGL Background Thread 3 ] DEBUG Engine               - isBrowser: false
17:45:47.449 [FXGL Background Thread 3 ] DEBUG Engine               - isClickFeedbackEnabled: false
17:45:47.449 [FXGL Background Thread 3 ] DEBUG Engine               - isCloseConfirmation: false
17:45:47.449 [FXGL Background Thread 3 ] DEBUG Engine               - isDesktop: true
17:45:47.449 [FXGL Background Thread 3 ] DEBUG Engine               - isDeveloperMenuEnabled: false
17:45:47.450 [FXGL Background Thread 3 ] DEBUG Engine               - isEmbedded: false
17:45:47.450 [FXGL Background Thread 3 ] DEBUG Engine               - isEntityPreloadEnabled: true
17:45:47.450 [FXGL Background Thread 3 ] DEBUG Engine               - isExperimentalTiledLargeMap: false
17:45:47.450 [FXGL Background Thread 3 ] DEBUG Engine               - isFileSystemWriteAllowed: true
17:45:47.450 [FXGL Background Thread 3 ] DEBUG Engine               - isFullScreenAllowed: false
17:45:47.450 [FXGL Background Thread 3 ] DEBUG Engine               - isFullScreenFromStart: false
17:45:47.450 [FXGL Background Thread 3 ] DEBUG Engine               - isGameMenuEnabled: true
17:45:47.450 [FXGL Background Thread 3 ] DEBUG Engine               - isIOS: false
17:45:47.450 [FXGL Background Thread 3 ] DEBUG Engine               - isIntroEnabled: false
17:45:47.450 [FXGL Background Thread 3 ] DEBUG Engine               - isLinux: false
17:45:47.450 [FXGL Background Thread 3 ] DEBUG Engine               - isMac: false
17:45:47.450 [FXGL Background Thread 3 ] DEBUG Engine               - isMainMenuEnabled: false
17:45:47.450 [FXGL Background Thread 3 ] DEBUG Engine               - isManualResizeEnabled: false
17:45:47.450 [FXGL Background Thread 3 ] DEBUG Engine               - isMobile: false
17:45:47.450 [FXGL Background Thread 3 ] DEBUG Engine               - isNative: false
17:45:47.450 [FXGL Background Thread 3 ] DEBUG Engine               - isPauseMusicWhenMinimized: true
17:45:47.450 [FXGL Background Thread 3 ] DEBUG Engine               - isPreserveResizeRatio: false
17:45:47.450 [FXGL Background Thread 3 ] DEBUG Engine               - isProfilingEnabled: false
17:45:47.451 [FXGL Background Thread 3 ] DEBUG Engine               - isScaleAffectedOnResize: true
17:45:47.451 [FXGL Background Thread 3 ] DEBUG Engine               - isSingleStep: false
17:45:47.451 [FXGL Background Thread 3 ] DEBUG Engine               - isUserProfileEnabled: false
17:45:47.451 [FXGL Background Thread 3 ] DEBUG Engine               - isWindows: true
17:45:47.451 [FXGL Background Thread 3 ] DEBUG Engine               - language: ObjectProperty [value: ENGLISH]
17:45:47.451 [FXGL Background Thread 3 ] DEBUG Engine               - menuKey: ESCAPE
17:45:47.451 [FXGL Background Thread 3 ] DEBUG Engine               - mouseSensitivity: 0.2
17:45:47.451 [FXGL Background Thread 3 ] DEBUG Engine               - notificationViewClass: class com.almasb.fxgl.notification.view.XboxNotificationView
17:45:47.451 [FXGL Background Thread 3 ] DEBUG Engine               - pixelsPerMeter: 50.0
17:45:47.451 [FXGL Background Thread 3 ] DEBUG Engine               - platform: WINDOWS
17:45:47.451 [FXGL Background Thread 3 ] DEBUG Engine               - prefHeightProperty: ReadOnlyDoubleProperty [value: 600.0]
17:45:47.451 [FXGL Background Thread 3 ] DEBUG Engine               - prefWidthProperty: ReadOnlyDoubleProperty [value: 800.0]
17:45:47.451 [FXGL Background Thread 3 ] DEBUG Engine               - profileDir: profiles/
17:45:47.451 [FXGL Background Thread 3 ] DEBUG Engine               - profileName: StringProperty [value: DEFAULT]
17:45:47.451 [FXGL Background Thread 3 ] DEBUG Engine               - randomSeed: -1
17:45:47.451 [FXGL Background Thread 3 ] DEBUG Engine               - runtimeInfo: RuntimeInfo(platform=WINDOWS, version=21.1, build=27.03.2024 07.52)
17:45:47.452 [FXGL Background Thread 3 ] DEBUG Engine               - saveFileExt: sav
17:45:47.452 [FXGL Background Thread 3 ] DEBUG Engine               - scaledHeightProp$fxgl: DoubleProperty [bound, value: 600.0]
17:45:47.452 [FXGL Background Thread 3 ] DEBUG Engine               - scaledWidthProp$fxgl: DoubleProperty [bound, value: 800.0]
17:45:47.452 [FXGL Background Thread 3 ] DEBUG Engine               - sceneFactory: com.almasb.fxgl.app.scene.SceneFactory@4f2780a4
17:45:47.452 [FXGL Background Thread 3 ] DEBUG Engine               - secondsIn24h: 60
17:45:47.452 [FXGL Background Thread 3 ] DEBUG Engine               - soundMenuBack: menu/back.wav
17:45:47.452 [FXGL Background Thread 3 ] DEBUG Engine               - soundMenuPress: menu/press.wav
17:45:47.452 [FXGL Background Thread 3 ] DEBUG Engine               - soundMenuSelect: menu/select.wav
17:45:47.452 [FXGL Background Thread 3 ] DEBUG Engine               - soundNotification: core/notification.wav
17:45:47.452 [FXGL Background Thread 3 ] DEBUG Engine               - stageStyle: DECORATED
17:45:47.452 [FXGL Background Thread 3 ] DEBUG Engine               - supportedLanguages: [ENGLISH, FRENCH, GERMAN, HUNGARIAN, RUSSIAN]
17:45:47.452 [FXGL Background Thread 3 ] DEBUG Engine               - ticksPerSecond: -1
17:45:47.452 [FXGL Background Thread 3 ] DEBUG Engine               - title: GameByte Compression Solution!
17:45:47.452 [FXGL Background Thread 3 ] DEBUG Engine               - urlGithub: https://github.com/AlmasB/FXGL
17:45:47.452 [FXGL Background Thread 3 ] DEBUG Engine               - urlLeaderboard: http://fxgl-top.herokuapp.com/
17:45:47.453 [FXGL Background Thread 3 ] DEBUG Engine               - urlPOM: https://raw.githubusercontent.com/AlmasB/FXGL/release/README.md
17:45:47.453 [FXGL Background Thread 3 ] DEBUG Engine               - userAppClass: class GameByte
17:45:47.453 [FXGL Background Thread 3 ] DEBUG Engine               - version: 0.0
17:45:47.453 [FXGL Background Thread 3 ] DEBUG Engine               - versionCheckDays: 7
17:45:47.453 [FXGL Background Thread 3 ] DEBUG Engine               - width: 800
17:45:47.453 [FXGL Background Thread 3 ] DEBUG Engine               - Logging services
17:45:47.453 [FXGL Background Thread 3 ] DEBUG Engine               - class com.almasb.fxgl.app.services.FXGLAssetLoaderService
17:45:47.453 [FXGL Background Thread 3 ] DEBUG Engine               - class com.almasb.fxgl.app.FXGLApplication$GameApplicationService
17:45:47.453 [FXGL Background Thread 3 ] DEBUG Engine               - class com.almasb.fxgl.app.services.FXGLDialogService
17:45:47.453 [FXGL Background Thread 3 ] DEBUG Engine               - class com.almasb.fxgl.app.services.IOTaskExecutorService
17:45:47.453 [FXGL Background Thread 3 ] DEBUG Engine               - class com.almasb.fxgl.io.FileSystemService
17:45:47.453 [FXGL Background Thread 3 ] DEBUG Engine               - class com.almasb.fxgl.localization.LocalizationService
17:45:47.453 [FXGL Background Thread 3 ] DEBUG Engine               - class com.almasb.fxgl.app.services.SystemBundleService
17:45:47.453 [FXGL Background Thread 3 ] DEBUG Engine               - class com.almasb.fxgl.profile.SaveLoadService
17:45:47.453 [FXGL Background Thread 3 ] DEBUG Engine               - class com.almasb.fxgl.ui.FXGLUIFactoryServiceProvider
17:45:47.453 [FXGL Background Thread 3 ] DEBUG Engine               - class com.almasb.fxgl.ui.FXGLDialogFactoryServiceProvider
17:45:47.453 [FXGL Background Thread 3 ] DEBUG Engine               - class com.almasb.fxgl.audio.AudioPlayer
17:45:47.453 [FXGL Background Thread 3 ] DEBUG Engine               - class com.almasb.fxgl.notification.impl.NotificationServiceProvider
17:45:47.453 [FXGL Background Thread 3 ] DEBUG Engine               - class com.almasb.fxgl.achievement.AchievementService
17:45:47.454 [FXGL Background Thread 3 ] DEBUG Engine               - class com.almasb.fxgl.cutscene.CutsceneService
17:45:47.454 [FXGL Background Thread 3 ] DEBUG Engine               - class com.almasb.fxgl.minigames.MiniGameService
17:45:47.454 [FXGL Background Thread 3 ] DEBUG Engine               - class com.almasb.fxgl.net.NetService
17:45:47.454 [FXGL Background Thread 3 ] DEBUG Engine               - class com.almasb.fxgl.app.services.UpdaterService
17:45:47.454 [FXGL Background Thread 3 ] DEBUG Engine               - class com.almasb.fxgl.dev.DevService
17:45:51.041 [JavaFX Application Thread] DEBUG FXGLApplication      - Exiting FXGL
17:45:51.042 [JavaFX Application Thread] DEBUG LoopRunner           - Stopping loop
17:45:51.042 [JavaFX Application Thread] DEBUG SystemBundleService  - Saving FXGL system data
17:45:51.054 [JavaFX Application Thread] DEBUG FileSystemAccess     - Writing to: M:\GameByte Novel Compression Solution\system\fxgl.bundle
17:45:51.062 [JavaFX Application Thread] DEBUG Async                - Shutting down background threads
17:45:51.062 [JavaFX Application Thread] DEBUG PrimaryStageWindow   - Closing main window
17:45:51.071 [JavaFX Application Thread] DEBUG Logger               - Closing Logger
