10:13:50.428 [main                     ] DEBUG Logger               - Configured Logger
10:13:50.435 [main                     ] DEBUG GameApplication      - Logging settings
Title: GameByte
Version: 0.0
Width: 900
Height: 800
Fullscreen: false
Intro: false
Profiling: false
Single step:false
App Mode: DEVELOPER
Menu Key: ESCAPE
Stage Style: DECORATED
Scene Factory: class com.almasb.fxgl.app.scene.SceneFactory

10:13:50.949 [JavaFX Application Thread] DEBUG FXGLApplication      - Initializing FXGL
10:13:50.953 [JavaFX Application Thread] INFO  Engine               - FXGL-21.1 (27.03.2024 07.52) on WINDOWS (J:24.0.1 FX:21.0.1)
10:13:50.953 [JavaFX Application Thread] DEBUG Engine               - JRE Vendor Name: Oracle Corporation
10:13:50.953 [JavaFX Application Thread] DEBUG Engine               - Running on OS: Windows 10 version 10.0
10:13:50.953 [JavaFX Application Thread] DEBUG Engine               - Architecture: amd64
10:13:50.953 [JavaFX Application Thread] INFO  Engine               - Source code and latest versions at: https://github.com/AlmasB/FXGL
10:13:50.953 [JavaFX Application Thread] INFO  Engine               -       Ask questions and discuss at: https://github.com/AlmasB/FXGL/discussions
10:13:50.953 [JavaFX Application Thread] INFO  Engine               -              Join the FXGL chat at: https://gitter.im/AlmasB/FXGL
10:13:51.208 [JavaFX Application Thread] DEBUG PrimaryStageWindow   - Creating a JavaFX scene
10:13:51.301 [JavaFX Application Thread] DEBUG PrimaryStageWindow   - Target settings size: 900.0 x 800.0
10:13:51.301 [JavaFX Application Thread] DEBUG PrimaryStageWindow   - Scaled scene size:    900.0 x 800.0
10:13:51.302 [JavaFX Application Thread] DEBUG PrimaryStageWindow   - Scaled ratio: (1.0, 1.0)
10:13:51.303 [JavaFX Application Thread] DEBUG PrimaryStageWindow   - Set initial scene to FXGLStartupScene
10:13:51.307 [JavaFX Application Thread] DEBUG PrimaryStageWindow   - Opening main window
10:13:51.421 [JavaFX Application Thread] DEBUG PrimaryStageWindow   - Window border size: (16.0, 39.0)
10:13:51.421 [JavaFX Application Thread] DEBUG PrimaryStageWindow   - Scaled size: 900.0 x 800.0
10:13:51.421 [JavaFX Application Thread] DEBUG PrimaryStageWindow   - Scaled ratio: (1.0, 1.0)
10:13:51.421 [JavaFX Application Thread] DEBUG PrimaryStageWindow   - Scene size: 900.0 x 800.0
10:13:51.421 [JavaFX Application Thread] DEBUG PrimaryStageWindow   - Stage size: 916.0 x 839.0
10:13:51.430 [FXGL Background Thread 1 ] DEBUG Engine               - Initializing environment variables
10:13:51.498 [FXGL Background Thread 1 ] DEBUG FXGLAssetLoaderServi - User app class for loading assets: class GameByteApp
10:13:51.498 [FXGL Background Thread 1 ] DEBUG GameApplicationServi - Applying CSS: fxgl_dark.css
10:13:51.499 [FXGL Background Thread 1 ] DEBUG FXGLAssetLoaderServi - Loading from file system: jar:file:/C:/Users/cc1501/.m2/repository/com/github/almasb/fxgl/21.1/fxgl-21.1.jar!/fxglassets/ui/css/fxgl_dark.css
10:13:51.562 [FXGL Background Thread 1 ] DEBUG GameApplicationServi - Initializing application scenes
10:13:51.613 [FXGL Background Thread 1 ] DEBUG GameWorld            - Game world initialized
10:13:51.704 [FXGL Background Thread 1 ] DEBUG PhysicsWorld         - Physics world initialized: appHeight=800, physics.ppm=50.0
10:13:51.705 [FXGL Background Thread 1 ] DEBUG PhysicsWorld         - Using strategy: BRUTE_FORCE
10:13:51.711 [FXGL Background Thread 1 ] DEBUG GameScene            - Game scene initialized: 900x800
10:13:51.729 [FXGL Background Thread 1 ] DEBUG FXGL.DefaultMenu     - createMenuBodyGameMenu()
10:13:51.760 [FXGL Background Thread 1 ] DEBUG FXGL.DefaultMenu     - createOptionsMenu()
10:13:51.777 [FXGL Background Thread 1 ] DEBUG FXGLAssetLoaderServi - Loading from file system: jar:file:/C:/Users/cc1501/.m2/repository/com/github/almasb/fxgl/21.1/fxgl-21.1.jar!/fxglassets/textures/particles/smoke.png
10:13:51.897 [FXGL Background Thread 1 ] DEBUG FXGLAssetLoaderServi - Loading from file system: jar:file:/C:/Users/cc1501/.m2/repository/com/github/almasb/fxgl/21.1/fxgl-21.1.jar!/fxglassets/textures/particles/trace_horizontal.png
10:13:51.917 [FXGL Background Thread 1 ] DEBUG GameApplicationServi - Application scenes initialized
10:13:51.938 [FXGL Background Thread 1 ] DEBUG SystemBundleService  - Loading FXGL system data
10:13:51.952 [FXGL Background Thread 1 ] DEBUG FileSystemAccess     - Reading from: M:\GameByte Novel Compression Solution\system\fxgl.bundle
10:13:51.958 [FXGL Background Thread 1 ] DEBUG SystemBundleService  - Bundle FXGL: {}
10:13:51.958 [FXGL Background Thread 1 ] DEBUG UpdaterService       - Checking for updates
10:13:51.963 [FXGL Background Thread 4 ] DEBUG FXGLApplication      - Loading fonts
10:13:51.965 [FXGL Background Thread 4 ] DEBUG FXGLAssetLoaderServi - Loading from file system: jar:file:/C:/Users/cc1501/.m2/repository/com/github/almasb/fxgl/21.1/fxgl-21.1.jar!/fxglassets/ui/fonts/VarelaRound-Regular.ttf
10:13:51.965 [FXGL Background Thread 1 ] DEBUG FXGLApplication      - Loading default localization
10:13:51.967 [FXGL Background Thread 1 ] DEBUG FXGLAssetLoaderServi - Loading from file system: jar:file:/C:/Users/cc1501/.m2/repository/com/github/almasb/fxgl/21.1/fxgl-21.1.jar!/fxglassets/languages/english.lang
10:13:51.994 [FXGL Background Thread 1 ] INFO  FXGLApplication      - FXGL initialization took: 0.563 sec
10:13:51.995 [JavaFX Application Thread] DEBUG FXGLAssetLoaderServi - Loading from file system: jar:file:/C:/Users/cc1501/.m2/repository/com/github/almasb/fxgl/21.1/fxgl-21.1.jar!/fxglassets/textures/fxgl_icon.png
10:13:51.995 [FXGL Background Thread 4 ] DEBUG FXGLAssetLoaderServi - Loading from file system: jar:file:/C:/Users/cc1501/.m2/repository/com/github/almasb/fxgl/21.1/fxgl-21.1.jar!/fxglassets/ui/fonts/Abel-Regular.ttf
10:13:52.002 [FXGL Background Thread 4 ] DEBUG FXGLAssetLoaderServi - Loading from file system: jar:file:/C:/Users/cc1501/.m2/repository/com/github/almasb/fxgl/21.1/fxgl-21.1.jar!/fxglassets/ui/fonts/TerminalLandMono-Regular.otf
10:13:52.008 [FXGL Background Thread 4 ] DEBUG FXGLAssetLoaderServi - Loading from file system: jar:file:/C:/Users/cc1501/.m2/repository/com/github/almasb/fxgl/21.1/fxgl-21.1.jar!/fxglassets/ui/fonts/Courier-Prime.ttf
10:13:52.016 [JavaFX Application Thread] DEBUG FXGLAssetLoaderServi - Loading from file system: jar:file:/C:/Users/cc1501/.m2/repository/com/github/almasb/fxgl/21.1/fxgl-21.1.jar!/fxglassets/textures/fxgl_default_cursor.png
10:13:52.033 [JavaFX Application Thread] DEBUG Input                - Registered new binding: Screenshot - CTRL+8
10:13:52.034 [JavaFX Application Thread] DEBUG Input                - Registered new binding: System info dump - CTRL+9
10:13:52.035 [JavaFX Application Thread] DEBUG Input                - Registered new binding: Restart - CTRL+R
10:13:52.037 [JavaFX Application Thread] DEBUG Input                - Registered new binding: Toggle Debug Camera - CTRL+7
10:13:52.044 [JavaFX Application Thread] DEBUG LoopRunner           - Starting loop
10:13:52.044 [JavaFX Application Thread] DEBUG LoopRunner           - Initializing JavaFX AnimationTimerLoop
10:13:52.048 [JavaFX Application Thread] DEBUG GameApplicationServi - Starting new game
10:13:52.048 [JavaFX Application Thread] DEBUG Input                - Clearing active input actions
10:13:52.062 [JavaFX Application Thread] DEBUG GameApplicationServi - Removing overlay from FXGLStartupScene and adding to FXGLLoadingScene
10:13:52.062 [JavaFX Application Thread] DEBUG PrimaryStageWindow   - FXGLStartupScene -> FXGLLoadingScene
10:13:52.062 [JavaFX Application Thread] DEBUG GameApplicationServi - Clearing previous game
10:13:52.062 [JavaFX Application Thread] DEBUG GameScene            - Clearing game scene
10:13:52.062 [JavaFX Application Thread] DEBUG GameWorld            - Clearing game world
10:13:52.062 [JavaFX Application Thread] DEBUG PhysicsWorld         - Clearing physics world
10:13:52.064 [JavaFX Application Thread] DEBUG FXGLApplication      - Registering font factories with UI factory
10:13:52.064 [FXGL Background Thread 4 ] DEBUG FXGLApplication      - Initializing game
10:13:52.240 [FXGL Background Thread 4 ] INFO  FXGLApplication      - Game initialization took: 0.176 sec
10:13:52.248 [JavaFX Application Thread] DEBUG Input                - Clearing active input actions
10:13:52.271 [JavaFX Application Thread] DEBUG GameApplicationServi - Removing overlay from FXGLLoadingScene and adding to GameScene
10:13:52.272 [JavaFX Application Thread] DEBUG PrimaryStageWindow   - FXGLLoadingScene -> GameScene
10:13:54.961 [FXGL Background Thread 3 ] DEBUG Engine               - Logging environment variables
10:13:54.962 [FXGL Background Thread 3 ] DEBUG Engine               - achievements: []
10:13:54.963 [FXGL Background Thread 3 ] DEBUG Engine               - actualHeight: 800.0
10:13:54.963 [FXGL Background Thread 3 ] DEBUG Engine               - actualHeightProperty: ReadOnlyDoubleProperty [value: 800.0]
10:13:54.963 [FXGL Background Thread 3 ] DEBUG Engine               - actualWidth: 900.0
10:13:54.964 [FXGL Background Thread 3 ] DEBUG Engine               - actualWidthProperty: ReadOnlyDoubleProperty [value: 900.0]
10:13:54.964 [FXGL Background Thread 3 ] DEBUG Engine               - appIcon: fxgl_icon.png
10:13:54.964 [FXGL Background Thread 3 ] DEBUG Engine               - applicationMode: DEVELOPER
10:13:54.964 [FXGL Background Thread 3 ] DEBUG Engine               - cSSList: [fxgl_dark.css]
10:13:54.964 [FXGL Background Thread 3 ] DEBUG Engine               - collisionDetectionStrategy: BRUTE_FORCE
10:13:54.965 [FXGL Background Thread 3 ] DEBUG Engine               - configClass: Optional.empty
10:13:54.965 [FXGL Background Thread 3 ] DEBUG Engine               - credits: []
10:13:54.965 [FXGL Background Thread 3 ] DEBUG Engine               - defaultCursor: CursorInfo(imageName=fxgl_default_cursor.png, hotspotX=7.0, hotspotY=6.0)
10:13:54.966 [FXGL Background Thread 3 ] DEBUG Engine               - devBBoxColorProperty: ObjectProperty [value: 0xff0000ff]
10:13:54.966 [FXGL Background Thread 3 ] DEBUG Engine               - devEnableDebugCameraProperty: BooleanProperty [value: false]
10:13:54.966 [FXGL Background Thread 3 ] DEBUG Engine               - devSensorColorProperty: ObjectProperty [value: 0xffff00ff]
10:13:54.966 [FXGL Background Thread 3 ] DEBUG Engine               - devShowBBoxProperty: BooleanProperty [value: false]
10:13:54.966 [FXGL Background Thread 3 ] DEBUG Engine               - devShowPositionProperty: BooleanProperty [value: false]
10:13:54.966 [FXGL Background Thread 3 ] DEBUG Engine               - enabledMenuItems: []
10:13:54.966 [FXGL Background Thread 3 ] DEBUG Engine               - engineServices: [class com.almasb.fxgl.app.services.FXGLAssetLoaderService, class com.almasb.fxgl.app.FXGLApplication$GameApplicationService, class com.almasb.fxgl.app.services.FXGLDialogService, class com.almasb.fxgl.app.services.IOTaskExecutorService, class com.almasb.fxgl.io.FileSystemService, class com.almasb.fxgl.localization.LocalizationService, class com.almasb.fxgl.app.services.SystemBundleService, class com.almasb.fxgl.profile.SaveLoadService, class com.almasb.fxgl.ui.FXGLUIFactoryServiceProvider, class com.almasb.fxgl.ui.FXGLDialogFactoryServiceProvider, class com.almasb.fxgl.audio.AudioPlayer, class com.almasb.fxgl.notification.impl.NotificationServiceProvider, class com.almasb.fxgl.achievement.AchievementService, class com.almasb.fxgl.cutscene.CutsceneService, class com.almasb.fxgl.minigames.MiniGameService, class com.almasb.fxgl.net.NetService, class com.almasb.fxgl.app.services.UpdaterService, class com.almasb.fxgl.dev.DevService]
10:13:54.966 [FXGL Background Thread 3 ] DEBUG Engine               - fontGame: Abel-Regular.ttf
10:13:54.966 [FXGL Background Thread 3 ] DEBUG Engine               - fontMono: TerminalLandMono-Regular.otf
10:13:54.966 [FXGL Background Thread 3 ] DEBUG Engine               - fontSizeScaleUI: 1.0
10:13:54.966 [FXGL Background Thread 3 ] DEBUG Engine               - fontText: Courier-Prime.ttf
10:13:54.966 [FXGL Background Thread 3 ] DEBUG Engine               - fontUI: VarelaRound-Regular.ttf
10:13:54.967 [FXGL Background Thread 3 ] DEBUG Engine               - fullScreen: BooleanProperty [value: false]
10:13:54.967 [FXGL Background Thread 3 ] DEBUG Engine               - gameDifficulty: MEDIUM
10:13:54.967 [FXGL Background Thread 3 ] DEBUG Engine               - gameDifficultyProperty: ObjectProperty [value: MEDIUM]
10:13:54.967 [FXGL Background Thread 3 ] DEBUG Engine               - globalMusicVolume: 0.5
10:13:54.967 [FXGL Background Thread 3 ] DEBUG Engine               - globalMusicVolumeProperty: DoubleProperty [value: 0.5]
10:13:54.967 [FXGL Background Thread 3 ] DEBUG Engine               - globalSoundVolume: 0.5
10:13:54.967 [FXGL Background Thread 3 ] DEBUG Engine               - globalSoundVolumeProperty: DoubleProperty [value: 0.5]
10:13:54.967 [FXGL Background Thread 3 ] DEBUG Engine               - height: 800
10:13:54.967 [FXGL Background Thread 3 ] DEBUG Engine               - is3D: false
10:13:54.967 [FXGL Background Thread 3 ] DEBUG Engine               - isAndroid: false
10:13:54.967 [FXGL Background Thread 3 ] DEBUG Engine               - isBrowser: false
10:13:54.967 [FXGL Background Thread 3 ] DEBUG Engine               - isClickFeedbackEnabled: false
10:13:54.967 [FXGL Background Thread 3 ] DEBUG Engine               - isCloseConfirmation: false
10:13:54.967 [FXGL Background Thread 3 ] DEBUG Engine               - isDesktop: true
10:13:54.967 [FXGL Background Thread 3 ] DEBUG Engine               - isDeveloperMenuEnabled: false
10:13:54.967 [FXGL Background Thread 3 ] DEBUG Engine               - isEmbedded: false
10:13:54.967 [FXGL Background Thread 3 ] DEBUG Engine               - isEntityPreloadEnabled: true
10:13:54.967 [FXGL Background Thread 3 ] DEBUG Engine               - isExperimentalTiledLargeMap: false
10:13:54.967 [FXGL Background Thread 3 ] DEBUG Engine               - isFileSystemWriteAllowed: true
10:13:54.967 [FXGL Background Thread 3 ] DEBUG Engine               - isFullScreenAllowed: false
10:13:54.967 [FXGL Background Thread 3 ] DEBUG Engine               - isFullScreenFromStart: false
10:13:54.967 [FXGL Background Thread 3 ] DEBUG Engine               - isGameMenuEnabled: true
10:13:54.967 [FXGL Background Thread 3 ] DEBUG Engine               - isIOS: false
10:13:54.967 [FXGL Background Thread 3 ] DEBUG Engine               - isIntroEnabled: false
10:13:54.967 [FXGL Background Thread 3 ] DEBUG Engine               - isLinux: false
10:13:54.967 [FXGL Background Thread 3 ] DEBUG Engine               - isMac: false
10:13:54.967 [FXGL Background Thread 3 ] DEBUG Engine               - isMainMenuEnabled: false
10:13:54.968 [FXGL Background Thread 3 ] DEBUG Engine               - isManualResizeEnabled: false
10:13:54.968 [FXGL Background Thread 3 ] DEBUG Engine               - isMobile: false
10:13:54.968 [FXGL Background Thread 3 ] DEBUG Engine               - isNative: false
10:13:54.968 [FXGL Background Thread 3 ] DEBUG Engine               - isPauseMusicWhenMinimized: true
10:13:54.968 [FXGL Background Thread 3 ] DEBUG Engine               - isPreserveResizeRatio: false
10:13:54.968 [FXGL Background Thread 3 ] DEBUG Engine               - isProfilingEnabled: false
10:13:54.968 [FXGL Background Thread 3 ] DEBUG Engine               - isScaleAffectedOnResize: true
10:13:54.968 [FXGL Background Thread 3 ] DEBUG Engine               - isSingleStep: false
10:13:54.968 [FXGL Background Thread 3 ] DEBUG Engine               - isUserProfileEnabled: false
10:13:54.968 [FXGL Background Thread 3 ] DEBUG Engine               - isWindows: true
10:13:54.968 [FXGL Background Thread 3 ] DEBUG Engine               - language: ObjectProperty [value: ENGLISH]
10:13:54.968 [FXGL Background Thread 3 ] DEBUG Engine               - menuKey: ESCAPE
10:13:54.968 [FXGL Background Thread 3 ] DEBUG Engine               - mouseSensitivity: 0.2
10:13:54.968 [FXGL Background Thread 3 ] DEBUG Engine               - notificationViewClass: class com.almasb.fxgl.notification.view.XboxNotificationView
10:13:54.968 [FXGL Background Thread 3 ] DEBUG Engine               - pixelsPerMeter: 50.0
10:13:54.968 [FXGL Background Thread 3 ] DEBUG Engine               - platform: WINDOWS
10:13:54.968 [FXGL Background Thread 3 ] DEBUG Engine               - prefHeightProperty: ReadOnlyDoubleProperty [value: 800.0]
10:13:54.968 [FXGL Background Thread 3 ] DEBUG Engine               - prefWidthProperty: ReadOnlyDoubleProperty [value: 900.0]
10:13:54.968 [FXGL Background Thread 3 ] DEBUG Engine               - profileDir: profiles/
10:13:54.969 [FXGL Background Thread 3 ] DEBUG Engine               - profileName: StringProperty [value: DEFAULT]
10:13:54.969 [FXGL Background Thread 3 ] DEBUG Engine               - randomSeed: -1
10:13:54.969 [FXGL Background Thread 3 ] DEBUG Engine               - runtimeInfo: RuntimeInfo(platform=WINDOWS, version=21.1, build=27.03.2024 07.52)
10:13:54.969 [FXGL Background Thread 3 ] DEBUG Engine               - saveFileExt: sav
10:13:54.969 [FXGL Background Thread 3 ] DEBUG Engine               - scaledHeightProp$fxgl: DoubleProperty [bound, value: 800.0]
10:13:54.969 [FXGL Background Thread 3 ] DEBUG Engine               - scaledWidthProp$fxgl: DoubleProperty [bound, value: 900.0]
10:13:54.969 [FXGL Background Thread 3 ] DEBUG Engine               - sceneFactory: com.almasb.fxgl.app.scene.SceneFactory@65cceb2c
10:13:54.969 [FXGL Background Thread 3 ] DEBUG Engine               - secondsIn24h: 60
10:13:54.969 [FXGL Background Thread 3 ] DEBUG Engine               - soundMenuBack: menu/back.wav
10:13:54.969 [FXGL Background Thread 3 ] DEBUG Engine               - soundMenuPress: menu/press.wav
10:13:54.969 [FXGL Background Thread 3 ] DEBUG Engine               - soundMenuSelect: menu/select.wav
10:13:54.969 [FXGL Background Thread 3 ] DEBUG Engine               - soundNotification: core/notification.wav
10:13:54.969 [FXGL Background Thread 3 ] DEBUG Engine               - stageStyle: DECORATED
10:13:54.969 [FXGL Background Thread 3 ] DEBUG Engine               - supportedLanguages: [ENGLISH, FRENCH, GERMAN, HUNGARIAN, RUSSIAN]
10:13:54.969 [FXGL Background Thread 3 ] DEBUG Engine               - ticksPerSecond: -1
10:13:54.969 [FXGL Background Thread 3 ] DEBUG Engine               - title: GameByte
10:13:54.969 [FXGL Background Thread 3 ] DEBUG Engine               - urlGithub: https://github.com/AlmasB/FXGL
10:13:54.969 [FXGL Background Thread 3 ] DEBUG Engine               - urlLeaderboard: http://fxgl-top.herokuapp.com/
10:13:54.969 [FXGL Background Thread 3 ] DEBUG Engine               - urlPOM: https://raw.githubusercontent.com/AlmasB/FXGL/release/README.md
10:13:54.969 [FXGL Background Thread 3 ] DEBUG Engine               - userAppClass: class GameByteApp
10:13:54.969 [FXGL Background Thread 3 ] DEBUG Engine               - version: 0.0
10:13:54.969 [FXGL Background Thread 3 ] DEBUG Engine               - versionCheckDays: 7
10:13:54.969 [FXGL Background Thread 3 ] DEBUG Engine               - width: 900
10:13:54.970 [FXGL Background Thread 3 ] DEBUG Engine               - Logging services
10:13:54.970 [FXGL Background Thread 3 ] DEBUG Engine               - class com.almasb.fxgl.app.services.FXGLAssetLoaderService
10:13:54.970 [FXGL Background Thread 3 ] DEBUG Engine               - class com.almasb.fxgl.app.FXGLApplication$GameApplicationService
10:13:54.970 [FXGL Background Thread 3 ] DEBUG Engine               - class com.almasb.fxgl.app.services.FXGLDialogService
10:13:54.970 [FXGL Background Thread 3 ] DEBUG Engine               - class com.almasb.fxgl.app.services.IOTaskExecutorService
10:13:54.970 [FXGL Background Thread 3 ] DEBUG Engine               - class com.almasb.fxgl.io.FileSystemService
10:13:54.970 [FXGL Background Thread 3 ] DEBUG Engine               - class com.almasb.fxgl.localization.LocalizationService
10:13:54.970 [FXGL Background Thread 3 ] DEBUG Engine               - class com.almasb.fxgl.app.services.SystemBundleService
10:13:54.970 [FXGL Background Thread 3 ] DEBUG Engine               - class com.almasb.fxgl.profile.SaveLoadService
10:13:54.970 [FXGL Background Thread 3 ] DEBUG Engine               - class com.almasb.fxgl.ui.FXGLUIFactoryServiceProvider
10:13:54.970 [FXGL Background Thread 3 ] DEBUG Engine               - class com.almasb.fxgl.ui.FXGLDialogFactoryServiceProvider
10:13:54.970 [FXGL Background Thread 3 ] DEBUG Engine               - class com.almasb.fxgl.audio.AudioPlayer
10:13:54.970 [FXGL Background Thread 3 ] DEBUG Engine               - class com.almasb.fxgl.notification.impl.NotificationServiceProvider
10:13:54.970 [FXGL Background Thread 3 ] DEBUG Engine               - class com.almasb.fxgl.achievement.AchievementService
10:13:54.970 [FXGL Background Thread 3 ] DEBUG Engine               - class com.almasb.fxgl.cutscene.CutsceneService
10:13:54.970 [FXGL Background Thread 3 ] DEBUG Engine               - class com.almasb.fxgl.minigames.MiniGameService
10:13:54.970 [FXGL Background Thread 3 ] DEBUG Engine               - class com.almasb.fxgl.net.NetService
10:13:54.970 [FXGL Background Thread 3 ] DEBUG Engine               - class com.almasb.fxgl.app.services.UpdaterService
10:13:54.970 [FXGL Background Thread 3 ] DEBUG Engine               - class com.almasb.fxgl.dev.DevService
10:13:58.075 [JavaFX Application Thread] DEBUG FXGLApplication      - Exiting FXGL
10:13:58.075 [JavaFX Application Thread] DEBUG LoopRunner           - Stopping loop
10:13:58.076 [JavaFX Application Thread] DEBUG SystemBundleService  - Saving FXGL system data
10:13:58.087 [JavaFX Application Thread] DEBUG FileSystemAccess     - Writing to: M:\GameByte Novel Compression Solution\system\fxgl.bundle
10:13:58.094 [JavaFX Application Thread] DEBUG Async                - Shutting down background threads
10:13:58.094 [JavaFX Application Thread] DEBUG PrimaryStageWindow   - Closing main window
10:13:58.104 [JavaFX Application Thread] DEBUG Logger               - Closing Logger
